[Thu Feb  5 10:33:12 2015] [info] Listening at "http://*:3000".
[Thu Feb  5 10:33:31 2015] [debug] Your secret passphrase needs to be changed!!!
[Thu Feb  5 10:33:31 2015] [debug] GET "/".
[Thu Feb  5 10:33:31 2015] [error] Invalid version format (non-numeric data) at /Users/mac05/system14/hattyu_web/script/../lib/Hattyu/DB.pm line 1, near "package Hattyu::DB"
syntax error at /Users/mac05/system14/hattyu_web/script/../lib/Hattyu/DB.pm line 1, near "package Hattyu::DB:"
"use" not allowed in expression at /Users/mac05/system14/hattyu_web/script/../lib/Hattyu/DB.pm line 2, at end of line
Compilation failed in require at /Users/mac05/system14/hattyu_web/script/../lib/Hattyu/Web/Controller/Root.pm line 3.
BEGIN failed--compilation aborted at /Users/mac05/system14/hattyu_web/script/../lib/Hattyu/Web/Controller/Root.pm line 3.
Compilation failed in require at (eval 268) line 1.

[Thu Feb  5 10:33:31 2015] [debug] Template "exception.development.html.ep" not found.
[Thu Feb  5 10:33:31 2015] [debug] Template "exception.html.ep" not found.
[Thu Feb  5 10:33:31 2015] [debug] Rendering inline template "8122878e3bc1034543706fb58b4de464".
[Thu Feb  5 10:33:31 2015] [debug] Rendering inline template "4fcf2af99f1803a7a26c2e9b04430f8c".
[Thu Feb  5 10:33:31 2015] [debug] 500 Internal Server Error (0.061232s, 16.331/s).
[Thu Feb  5 10:33:33 2015] [debug] GET "/apple-touch-icon-precomposed.png".
[Thu Feb  5 10:33:33 2015] [debug] Template "not_found.development.html.ep" not found.
[Thu Feb  5 10:33:33 2015] [debug] Template "not_found.html.ep" not found.
[Thu Feb  5 10:33:33 2015] [debug] Rendering inline template "8122878e3bc1034543706fb58b4de464".
[Thu Feb  5 10:33:33 2015] [debug] Rendering inline template "4fcf2af99f1803a7a26c2e9b04430f8c".
[Thu Feb  5 10:33:33 2015] [debug] 404 Not Found (0.041404s, 24.152/s).
[Thu Feb  5 10:33:33 2015] [debug] GET "/apple-touch-icon.png".
[Thu Feb  5 10:33:33 2015] [debug] Template "not_found.development.html.ep" not found.
[Thu Feb  5 10:33:33 2015] [debug] Template "not_found.html.ep" not found.
[Thu Feb  5 10:33:33 2015] [debug] Rendering cached inline template "8122878e3bc1034543706fb58b4de464".
[Thu Feb  5 10:33:33 2015] [debug] Rendering cached inline template "4fcf2af99f1803a7a26c2e9b04430f8c".
[Thu Feb  5 10:33:33 2015] [debug] 404 Not Found (0.010956s, 91.274/s).
[Thu Feb  5 10:37:50 2015] [info] Listening at "http://*:3000".
[Thu Feb  5 10:37:53 2015] [debug] Your secret passphrase needs to be changed!!!
[Thu Feb  5 10:37:53 2015] [debug] GET "/".
[Thu Feb  5 10:37:53 2015] [error] Invalid version format (non-numeric data) at lib/Hattyu/DB.pm line 1, near "package Hattyu::DB"
syntax error at lib/Hattyu/DB.pm line 1, near "package Hattyu::DB:"
"use" not allowed in expression at lib/Hattyu/DB.pm line 2, at end of line
Compilation failed in require at lib/Hattyu/Web/Controller/Root.pm line 3.
BEGIN failed--compilation aborted at lib/Hattyu/Web/Controller/Root.pm line 3.
Compilation failed in require at (eval 268) line 1.

[Thu Feb  5 10:37:53 2015] [debug] Template "exception.development.html.ep" not found.
[Thu Feb  5 10:37:53 2015] [debug] Template "exception.html.ep" not found.
[Thu Feb  5 10:37:53 2015] [debug] Rendering inline template "8122878e3bc1034543706fb58b4de464".
[Thu Feb  5 10:37:53 2015] [debug] Rendering inline template "4fcf2af99f1803a7a26c2e9b04430f8c".
[Thu Feb  5 10:37:53 2015] [debug] 500 Internal Server Error (0.056510s, 17.696/s).
[Thu Feb  5 10:37:55 2015] [debug] GET "/apple-touch-icon-precomposed.png".
[Thu Feb  5 10:37:55 2015] [debug] Template "not_found.development.html.ep" not found.
[Thu Feb  5 10:37:55 2015] [debug] Template "not_found.html.ep" not found.
[Thu Feb  5 10:37:55 2015] [debug] Rendering inline template "8122878e3bc1034543706fb58b4de464".
[Thu Feb  5 10:37:55 2015] [debug] Rendering inline template "4fcf2af99f1803a7a26c2e9b04430f8c".
[Thu Feb  5 10:37:55 2015] [debug] 404 Not Found (0.040171s, 24.894/s).
[Thu Feb  5 10:37:55 2015] [debug] GET "/apple-touch-icon.png".
[Thu Feb  5 10:37:55 2015] [debug] Template "not_found.development.html.ep" not found.
[Thu Feb  5 10:37:55 2015] [debug] Template "not_found.html.ep" not found.
[Thu Feb  5 10:37:55 2015] [debug] Rendering cached inline template "8122878e3bc1034543706fb58b4de464".
[Thu Feb  5 10:37:55 2015] [debug] Rendering cached inline template "4fcf2af99f1803a7a26c2e9b04430f8c".
[Thu Feb  5 10:37:55 2015] [debug] 404 Not Found (0.009541s, 104.811/s).
[Thu Feb  5 10:38:54 2015] [info] Listening at "http://*:3000".
[Thu Feb  5 10:38:57 2015] [debug] Your secret passphrase needs to be changed!!!
[Thu Feb  5 10:38:57 2015] [debug] GET "/".
[Thu Feb  5 10:38:58 2015] [error] Connection error: DBI connect('Hattyu:localhost','root',...) failed: Unknown database 'hattyu' at /Users/mac05/perl5/perlbrew/perls/perl-5.21.2/lib/site_perl/5.21.2/Teng.pm line 128.
 at lib/Hattyu/Web/Controller/Root.pm line 7.
Compilation failed in require at (eval 268) line 1.

[Thu Feb  5 10:38:58 2015] [debug] Template "exception.development.html.ep" not found.
[Thu Feb  5 10:38:58 2015] [debug] Template "exception.html.ep" not found.
[Thu Feb  5 10:38:58 2015] [debug] Rendering inline template "8122878e3bc1034543706fb58b4de464".
[Thu Feb  5 10:38:58 2015] [debug] Rendering inline template "4fcf2af99f1803a7a26c2e9b04430f8c".
[Thu Feb  5 10:38:58 2015] [debug] 500 Internal Server Error (0.713246s, 1.402/s).
[Thu Feb  5 10:38:58 2015] [debug] GET "/apple-touch-icon-precomposed.png".
[Thu Feb  5 10:38:58 2015] [debug] Template "not_found.development.html.ep" not found.
[Thu Feb  5 10:38:58 2015] [debug] Template "not_found.html.ep" not found.
[Thu Feb  5 10:38:58 2015] [debug] Rendering inline template "8122878e3bc1034543706fb58b4de464".
[Thu Feb  5 10:38:58 2015] [debug] Rendering inline template "4fcf2af99f1803a7a26c2e9b04430f8c".
[Thu Feb  5 10:38:58 2015] [debug] 404 Not Found (0.042405s, 23.582/s).
[Thu Feb  5 10:38:58 2015] [debug] GET "/apple-touch-icon.png".
[Thu Feb  5 10:38:58 2015] [debug] Template "not_found.development.html.ep" not found.
[Thu Feb  5 10:38:58 2015] [debug] Template "not_found.html.ep" not found.
[Thu Feb  5 10:38:58 2015] [debug] Rendering cached inline template "8122878e3bc1034543706fb58b4de464".
[Thu Feb  5 10:38:58 2015] [debug] Rendering cached inline template "4fcf2af99f1803a7a26c2e9b04430f8c".
[Thu Feb  5 10:38:58 2015] [debug] 404 Not Found (0.008962s, 111.582/s).
[Thu Feb  5 10:40:10 2015] [info] Listening at "http://*:3000".
[Thu Feb  5 10:40:13 2015] [debug] Your secret passphrase needs to be changed!!!
[Thu Feb  5 10:40:13 2015] [debug] GET "/".
[Thu Feb  5 10:40:13 2015] [debug] Routing to controller "Hattyu::Web::Controller::Root" and action "index".
[Thu Feb  5 10:40:13 2015] [error] @@@@@@@@@@@@@@@@@@@@@@@@@@@@@@@@@@@@@
@@@@@ Teng 's Exception @@@@@
Reason  : DBD::mysql::st execute failed: Table 'hattyu.m_item' doesn't exist at /Users/mac05/perl5/perlbrew/perls/perl-5.21.2/lib/site_perl/5.21.2/Teng.pm line 282.

SQL     : SELECT `id`, `item_cd`, `item_name`, `jyodai`, `gedai`, `shiire`, `hattan`, `sales_start_date`, `rank`, `hinrui`, `hinsyu`, `imsir`, `card`, `created_at`, `updated_at`
          FROM `m_item`
          WHERE (`hinrui` IS NULL)
          ORDER BY imsir, sale_start_date
BIND    : $VAR1 = [];

@@@@@@@@@@@@@@@@@@@@@@@@@@@@@@@@@@@@@
 at lib/Hattyu/Web/Controller/Root.pm line 12.

[Thu Feb  5 10:40:13 2015] [debug] Template "exception.development.html.ep" not found.
[Thu Feb  5 10:40:13 2015] [debug] Template "exception.html.ep" not found.
[Thu Feb  5 10:40:13 2015] [debug] Rendering inline template "8122878e3bc1034543706fb58b4de464".
[Thu Feb  5 10:40:13 2015] [debug] Rendering inline template "4fcf2af99f1803a7a26c2e9b04430f8c".
[Thu Feb  5 10:40:13 2015] [debug] 500 Internal Server Error (0.347955s, 2.874/s).
[Thu Feb  5 10:40:13 2015] [debug] GET "/apple-touch-icon-precomposed.png".
[Thu Feb  5 10:40:13 2015] [debug] Template "not_found.development.html.ep" not found.
[Thu Feb  5 10:40:13 2015] [debug] Template "not_found.html.ep" not found.
[Thu Feb  5 10:40:13 2015] [debug] Rendering inline template "8122878e3bc1034543706fb58b4de464".
[Thu Feb  5 10:40:13 2015] [debug] Rendering inline template "4fcf2af99f1803a7a26c2e9b04430f8c".
[Thu Feb  5 10:40:13 2015] [debug] 404 Not Found (0.043227s, 23.134/s).
[Thu Feb  5 10:40:13 2015] [debug] GET "/apple-touch-icon.png".
[Thu Feb  5 10:40:13 2015] [debug] Template "not_found.development.html.ep" not found.
[Thu Feb  5 10:40:13 2015] [debug] Template "not_found.html.ep" not found.
[Thu Feb  5 10:40:13 2015] [debug] Rendering cached inline template "8122878e3bc1034543706fb58b4de464".
[Thu Feb  5 10:40:13 2015] [debug] Rendering cached inline template "4fcf2af99f1803a7a26c2e9b04430f8c".
[Thu Feb  5 10:40:13 2015] [debug] 404 Not Found (0.011429s, 87.497/s).
[Thu Feb  5 10:46:57 2015] [info] Listening at "http://*:3000".
[Thu Feb  5 10:47:01 2015] [debug] Your secret passphrase needs to be changed!!!
[Thu Feb  5 10:47:01 2015] [debug] GET "/".
[Thu Feb  5 10:47:01 2015] [debug] Routing to controller "Hattyu::Web::Controller::Root" and action "index".
[Thu Feb  5 10:47:01 2015] [error] @@@@@@@@@@@@@@@@@@@@@@@@@@@@@@@@@@@@@
@@@@@ Teng 's Exception @@@@@
Reason  : DBD::mysql::st execute failed: Unknown column 'sale_start_date' in 'order clause' at /Users/mac05/perl5/perlbrew/perls/perl-5.21.2/lib/site_perl/5.21.2/Teng.pm line 282.

SQL     : SELECT `id`, `item_cd`, `item_name`, `jyodai`, `gedai`, `shiire`, `hattan`, `sales_start_date`, `rank`, `hinrui`, `hinsyu`, `imsir`, `card`, `created_at`, `updated_at`
          FROM `m_item`
          WHERE (`hinrui` IS NULL)
          ORDER BY imsir, sale_start_date
BIND    : $VAR1 = [];

@@@@@@@@@@@@@@@@@@@@@@@@@@@@@@@@@@@@@
 at lib/Hattyu/Web/Controller/Root.pm line 12.

[Thu Feb  5 10:47:01 2015] [debug] Template "exception.development.html.ep" not found.
[Thu Feb  5 10:47:01 2015] [debug] Template "exception.html.ep" not found.
[Thu Feb  5 10:47:01 2015] [debug] Rendering inline template "8122878e3bc1034543706fb58b4de464".
[Thu Feb  5 10:47:01 2015] [debug] Rendering inline template "4fcf2af99f1803a7a26c2e9b04430f8c".
[Thu Feb  5 10:47:01 2015] [debug] 500 Internal Server Error (0.311880s, 3.206/s).
[Thu Feb  5 10:47:02 2015] [debug] GET "/apple-touch-icon-precomposed.png".
[Thu Feb  5 10:47:02 2015] [debug] Template "not_found.development.html.ep" not found.
[Thu Feb  5 10:47:02 2015] [debug] Template "not_found.html.ep" not found.
[Thu Feb  5 10:47:02 2015] [debug] Rendering inline template "8122878e3bc1034543706fb58b4de464".
[Thu Feb  5 10:47:02 2015] [debug] Rendering inline template "4fcf2af99f1803a7a26c2e9b04430f8c".
[Thu Feb  5 10:47:02 2015] [debug] 404 Not Found (0.045025s, 22.210/s).
[Thu Feb  5 10:47:02 2015] [debug] GET "/apple-touch-icon.png".
[Thu Feb  5 10:47:02 2015] [debug] Template "not_found.development.html.ep" not found.
[Thu Feb  5 10:47:02 2015] [debug] Template "not_found.html.ep" not found.
[Thu Feb  5 10:47:02 2015] [debug] Rendering cached inline template "8122878e3bc1034543706fb58b4de464".
[Thu Feb  5 10:47:02 2015] [debug] Rendering cached inline template "4fcf2af99f1803a7a26c2e9b04430f8c".
[Thu Feb  5 10:47:02 2015] [debug] 404 Not Found (0.011371s, 87.943/s).
[Thu Feb  5 10:48:25 2015] [info] Listening at "http://*:3000".
[Thu Feb  5 10:48:27 2015] [debug] Your secret passphrase needs to be changed!!!
[Thu Feb  5 10:48:27 2015] [debug] GET "/".
[Thu Feb  5 10:48:27 2015] [debug] Routing to controller "Hattyu::Web::Controller::Root" and action "index".
[Thu Feb  5 10:48:27 2015] [error] @@@@@@@@@@@@@@@@@@@@@@@@@@@@@@@@@@@@@
@@@@@ Teng 's Exception @@@@@
Reason  : DBD::mysql::st execute failed: Unknown column 'sale_start_date' in 'field list' at /Users/mac05/perl5/perlbrew/perls/perl-5.21.2/lib/site_perl/5.21.2/Teng.pm line 282.

SQL     : SELECT `id`, `item_cd`, `item_name`, `jyodai`, `gedai`, `shiire`, `hattan`, `sale_start_date`, `rank`, `hinrui`, `hinsyu`, `imsir`, `card`, `created_at`, `updated_at`
          FROM `m_item`
          WHERE (`hinrui` IS NULL)
          ORDER BY imsir, sale_start_date
BIND    : $VAR1 = [];

@@@@@@@@@@@@@@@@@@@@@@@@@@@@@@@@@@@@@
 at lib/Hattyu/Web/Controller/Root.pm line 12.

[Thu Feb  5 10:48:27 2015] [debug] Template "exception.development.html.ep" not found.
[Thu Feb  5 10:48:27 2015] [debug] Template "exception.html.ep" not found.
[Thu Feb  5 10:48:27 2015] [debug] Rendering inline template "8122878e3bc1034543706fb58b4de464".
[Thu Feb  5 10:48:27 2015] [debug] Rendering inline template "4fcf2af99f1803a7a26c2e9b04430f8c".
[Thu Feb  5 10:48:27 2015] [debug] 500 Internal Server Error (0.312552s, 3.199/s).
[Thu Feb  5 10:48:28 2015] [debug] GET "/apple-touch-icon-precomposed.png".
[Thu Feb  5 10:48:28 2015] [debug] Template "not_found.development.html.ep" not found.
[Thu Feb  5 10:48:28 2015] [debug] Template "not_found.html.ep" not found.
[Thu Feb  5 10:48:28 2015] [debug] Rendering inline template "8122878e3bc1034543706fb58b4de464".
[Thu Feb  5 10:48:28 2015] [debug] Rendering inline template "4fcf2af99f1803a7a26c2e9b04430f8c".
[Thu Feb  5 10:48:28 2015] [debug] 404 Not Found (0.045323s, 22.064/s).
[Thu Feb  5 10:48:28 2015] [debug] GET "/apple-touch-icon.png".
[Thu Feb  5 10:48:28 2015] [debug] Template "not_found.development.html.ep" not found.
[Thu Feb  5 10:48:28 2015] [debug] Template "not_found.html.ep" not found.
[Thu Feb  5 10:48:28 2015] [debug] Rendering cached inline template "8122878e3bc1034543706fb58b4de464".
[Thu Feb  5 10:48:28 2015] [debug] Rendering cached inline template "4fcf2af99f1803a7a26c2e9b04430f8c".
[Thu Feb  5 10:48:28 2015] [debug] 404 Not Found (0.011229s, 89.055/s).
[Thu Feb  5 10:51:25 2015] [info] Listening at "http://*:3000".
[Thu Feb  5 10:51:28 2015] [debug] Your secret passphrase needs to be changed!!!
[Thu Feb  5 10:51:28 2015] [debug] GET "/".
[Thu Feb  5 10:51:28 2015] [debug] Routing to controller "Hattyu::Web::Controller::Root" and action "index".
[Thu Feb  5 10:51:28 2015] [error] @@@@@@@@@@@@@@@@@@@@@@@@@@@@@@@@@@@@@
@@@@@ Teng 's Exception @@@@@
Reason  : DBD::mysql::st execute failed: Unknown column 'sale_start_date' in 'order clause' at /Users/mac05/perl5/perlbrew/perls/perl-5.21.2/lib/site_perl/5.21.2/Teng.pm line 282.

SQL     : SELECT `id`, `item_cd`, `item_name`, `jyodai`, `gedai`, `shiire`, `hattan`, `sales_start_date`, `rank`, `hinrui`, `hinsyu`, `imsir`, `card`, `created_at`, `updated_at`
          FROM `m_item`
          WHERE (`hinrui` IS NULL)
          ORDER BY imsir, sale_start_date
BIND    : $VAR1 = [];

@@@@@@@@@@@@@@@@@@@@@@@@@@@@@@@@@@@@@
 at lib/Hattyu/Web/Controller/Root.pm line 12.

[Thu Feb  5 10:51:28 2015] [debug] Template "exception.development.html.ep" not found.
[Thu Feb  5 10:51:28 2015] [debug] Template "exception.html.ep" not found.
[Thu Feb  5 10:51:28 2015] [debug] Rendering inline template "8122878e3bc1034543706fb58b4de464".
[Thu Feb  5 10:51:28 2015] [debug] Rendering inline template "4fcf2af99f1803a7a26c2e9b04430f8c".
[Thu Feb  5 10:51:28 2015] [debug] 500 Internal Server Error (0.296239s, 3.376/s).
[Thu Feb  5 10:51:28 2015] [debug] GET "/apple-touch-icon-precomposed.png".
[Thu Feb  5 10:51:28 2015] [debug] Template "not_found.development.html.ep" not found.
[Thu Feb  5 10:51:28 2015] [debug] Template "not_found.html.ep" not found.
[Thu Feb  5 10:51:28 2015] [debug] Rendering inline template "8122878e3bc1034543706fb58b4de464".
[Thu Feb  5 10:51:28 2015] [debug] Rendering inline template "4fcf2af99f1803a7a26c2e9b04430f8c".
[Thu Feb  5 10:51:28 2015] [debug] 404 Not Found (0.047154s, 21.207/s).
[Thu Feb  5 10:51:28 2015] [debug] GET "/apple-touch-icon.png".
[Thu Feb  5 10:51:28 2015] [debug] Template "not_found.development.html.ep" not found.
[Thu Feb  5 10:51:28 2015] [debug] Template "not_found.html.ep" not found.
[Thu Feb  5 10:51:28 2015] [debug] Rendering cached inline template "8122878e3bc1034543706fb58b4de464".
[Thu Feb  5 10:51:28 2015] [debug] Rendering cached inline template "4fcf2af99f1803a7a26c2e9b04430f8c".
[Thu Feb  5 10:51:28 2015] [debug] 404 Not Found (0.011163s, 89.582/s).
[Thu Feb  5 10:54:26 2015] [info] Listening at "http://*:3000".
[Thu Feb  5 10:54:28 2015] [debug] Your secret passphrase needs to be changed!!!
[Thu Feb  5 10:54:28 2015] [debug] GET "/".
[Thu Feb  5 10:54:28 2015] [debug] Routing to controller "Hattyu::Web::Controller::Root" and action "index".
[Thu Feb  5 10:54:28 2015] [debug] Rendering template "root/index.html.ep".
[Thu Feb  5 10:54:28 2015] [debug] Rendering template "layouts/default.html.ep".
[Thu Feb  5 10:54:28 2015] [debug] 200 OK (0.286653s, 3.489/s).
[Thu Feb  5 10:54:29 2015] [debug] GET "/apple-touch-icon-precomposed.png".
[Thu Feb  5 10:54:29 2015] [debug] Template "not_found.development.html.ep" not found.
[Thu Feb  5 10:54:29 2015] [debug] Template "not_found.html.ep" not found.
[Thu Feb  5 10:54:29 2015] [debug] Rendering inline template "8122878e3bc1034543706fb58b4de464".
[Thu Feb  5 10:54:29 2015] [debug] Rendering inline template "4fcf2af99f1803a7a26c2e9b04430f8c".
[Thu Feb  5 10:54:29 2015] [debug] 404 Not Found (0.040695s, 24.573/s).
[Thu Feb  5 10:54:29 2015] [debug] GET "/apple-touch-icon.png".
[Thu Feb  5 10:54:29 2015] [debug] Template "not_found.development.html.ep" not found.
[Thu Feb  5 10:54:29 2015] [debug] Template "not_found.html.ep" not found.
[Thu Feb  5 10:54:29 2015] [debug] Rendering cached inline template "8122878e3bc1034543706fb58b4de464".
[Thu Feb  5 10:54:29 2015] [debug] Rendering cached inline template "4fcf2af99f1803a7a26c2e9b04430f8c".
[Thu Feb  5 10:54:29 2015] [debug] 404 Not Found (0.009129s, 109.541/s).
[Thu Feb  5 10:54:36 2015] [debug] GET "/".
[Thu Feb  5 10:54:36 2015] [debug] Routing to controller "Hattyu::Web::Controller::Root" and action "index".
[Thu Feb  5 10:54:36 2015] [debug] Rendering cached template "root/index.html.ep".
[Thu Feb  5 10:54:36 2015] [debug] Rendering cached template "layouts/default.html.ep".
[Thu Feb  5 10:54:36 2015] [debug] 200 OK (0.003438s, 290.867/s).
[Thu Feb  5 10:54:36 2015] [debug] GET "/apple-touch-icon-precomposed.png".
[Thu Feb  5 10:54:36 2015] [debug] Template "not_found.development.html.ep" not found.
[Thu Feb  5 10:54:36 2015] [debug] Template "not_found.html.ep" not found.
[Thu Feb  5 10:54:36 2015] [debug] Rendering cached inline template "8122878e3bc1034543706fb58b4de464".
[Thu Feb  5 10:54:36 2015] [debug] Rendering cached inline template "4fcf2af99f1803a7a26c2e9b04430f8c".
[Thu Feb  5 10:54:36 2015] [debug] 404 Not Found (0.012071s, 82.843/s).
[Thu Feb  5 10:54:36 2015] [debug] GET "/apple-touch-icon.png".
[Thu Feb  5 10:54:36 2015] [debug] Template "not_found.development.html.ep" not found.
[Thu Feb  5 10:54:36 2015] [debug] Template "not_found.html.ep" not found.
[Thu Feb  5 10:54:36 2015] [debug] Rendering cached inline template "8122878e3bc1034543706fb58b4de464".
[Thu Feb  5 10:54:36 2015] [debug] Rendering cached inline template "4fcf2af99f1803a7a26c2e9b04430f8c".
[Thu Feb  5 10:54:36 2015] [debug] 404 Not Found (0.009503s, 105.230/s).
[Thu Feb  5 10:57:26 2015] [info] Listening at "http://*:3000".
[Thu Feb  5 10:57:28 2015] [debug] Your secret passphrase needs to be changed!!!
[Thu Feb  5 10:57:28 2015] [debug] GET "/".
[Thu Feb  5 10:57:28 2015] [debug] Routing to controller "Hattyu::Web::Controller::Root" and action "index".
[Thu Feb  5 10:57:28 2015] [debug] Rendering template "root/index.html.ep".
[Thu Feb  5 10:57:28 2015] [debug] Rendering template "layouts/default.html.ep".
[Thu Feb  5 10:57:28 2015] [debug] 200 OK (0.406868s, 2.458/s).
[Thu Feb  5 10:57:29 2015] [debug] GET "/apple-touch-icon-precomposed.png".
[Thu Feb  5 10:57:29 2015] [debug] Template "not_found.development.html.ep" not found.
[Thu Feb  5 10:57:29 2015] [debug] Template "not_found.html.ep" not found.
[Thu Feb  5 10:57:29 2015] [debug] Rendering inline template "8122878e3bc1034543706fb58b4de464".
[Thu Feb  5 10:57:29 2015] [debug] Rendering inline template "4fcf2af99f1803a7a26c2e9b04430f8c".
[Thu Feb  5 10:57:29 2015] [debug] 404 Not Found (0.047582s, 21.016/s).
[Thu Feb  5 10:57:29 2015] [debug] GET "/apple-touch-icon.png".
[Thu Feb  5 10:57:29 2015] [debug] Template "not_found.development.html.ep" not found.
[Thu Feb  5 10:57:29 2015] [debug] Template "not_found.html.ep" not found.
[Thu Feb  5 10:57:29 2015] [debug] Rendering cached inline template "8122878e3bc1034543706fb58b4de464".
[Thu Feb  5 10:57:29 2015] [debug] Rendering cached inline template "4fcf2af99f1803a7a26c2e9b04430f8c".
[Thu Feb  5 10:57:29 2015] [debug] 404 Not Found (0.009299s, 107.538/s).
[Thu Feb  5 10:57:36 2015] [debug] GET "/".
[Thu Feb  5 10:57:36 2015] [debug] Routing to controller "Hattyu::Web::Controller::Root" and action "index".
[Thu Feb  5 10:57:36 2015] [debug] Rendering cached template "root/index.html.ep".
[Thu Feb  5 10:57:36 2015] [debug] Rendering cached template "layouts/default.html.ep".
[Thu Feb  5 10:57:36 2015] [debug] 200 OK (0.003145s, 317.965/s).
[Thu Feb  5 10:57:36 2015] [debug] GET "/apple-touch-icon-precomposed.png".
[Thu Feb  5 10:57:36 2015] [debug] Template "not_found.development.html.ep" not found.
[Thu Feb  5 10:57:36 2015] [debug] Template "not_found.html.ep" not found.
[Thu Feb  5 10:57:36 2015] [debug] Rendering cached inline template "8122878e3bc1034543706fb58b4de464".
[Thu Feb  5 10:57:36 2015] [debug] Rendering cached inline template "4fcf2af99f1803a7a26c2e9b04430f8c".
[Thu Feb  5 10:57:36 2015] [debug] 404 Not Found (0.016519s, 60.536/s).
[Thu Feb  5 10:57:36 2015] [debug] GET "/apple-touch-icon.png".
[Thu Feb  5 10:57:36 2015] [debug] Template "not_found.development.html.ep" not found.
[Thu Feb  5 10:57:36 2015] [debug] Template "not_found.html.ep" not found.
[Thu Feb  5 10:57:36 2015] [debug] Rendering cached inline template "8122878e3bc1034543706fb58b4de464".
[Thu Feb  5 10:57:36 2015] [debug] Rendering cached inline template "4fcf2af99f1803a7a26c2e9b04430f8c".
[Thu Feb  5 10:57:36 2015] [debug] 404 Not Found (0.009869s, 101.327/s).
[Thu Feb  5 11:00:16 2015] [info] Listening at "http://*:3000".
[Thu Feb  5 11:00:18 2015] [debug] Your secret passphrase needs to be changed!!!
[Thu Feb  5 11:00:18 2015] [debug] GET "/".
[Thu Feb  5 11:00:18 2015] [debug] Routing to controller "Hattyu::Web::Controller::Root" and action "index".
[Thu Feb  5 11:00:18 2015] [debug] Rendering template "root/index.html.ep".
[Thu Feb  5 11:00:18 2015] [debug] Rendering template "layouts/default.html.ep".
[Thu Feb  5 11:00:18 2015] [debug] 200 OK (0.225435s, 4.436/s).
[Thu Feb  5 11:00:18 2015] [debug] GET "/apple-touch-icon-precomposed.png".
[Thu Feb  5 11:00:18 2015] [debug] Template "not_found.development.html.ep" not found.
[Thu Feb  5 11:00:18 2015] [debug] Template "not_found.html.ep" not found.
[Thu Feb  5 11:00:18 2015] [debug] Rendering inline template "8122878e3bc1034543706fb58b4de464".
[Thu Feb  5 11:00:18 2015] [debug] Rendering inline template "4fcf2af99f1803a7a26c2e9b04430f8c".
[Thu Feb  5 11:00:18 2015] [debug] 404 Not Found (0.042041s, 23.786/s).
[Thu Feb  5 11:00:18 2015] [debug] GET "/apple-touch-icon.png".
[Thu Feb  5 11:00:18 2015] [debug] Template "not_found.development.html.ep" not found.
[Thu Feb  5 11:00:18 2015] [debug] Template "not_found.html.ep" not found.
[Thu Feb  5 11:00:18 2015] [debug] Rendering cached inline template "8122878e3bc1034543706fb58b4de464".
[Thu Feb  5 11:00:18 2015] [debug] Rendering cached inline template "4fcf2af99f1803a7a26c2e9b04430f8c".
[Thu Feb  5 11:00:18 2015] [debug] 404 Not Found (0.008849s, 113.007/s).
[Thu Feb  5 11:00:20 2015] [debug] GET "/".
[Thu Feb  5 11:00:20 2015] [debug] Routing to controller "Hattyu::Web::Controller::Root" and action "index".
[Thu Feb  5 11:00:20 2015] [debug] Rendering cached template "root/index.html.ep".
[Thu Feb  5 11:00:20 2015] [debug] Rendering cached template "layouts/default.html.ep".
[Thu Feb  5 11:00:20 2015] [debug] 200 OK (0.003185s, 313.972/s).
[Thu Feb  5 11:00:20 2015] [debug] GET "/apple-touch-icon-precomposed.png".
[Thu Feb  5 11:00:20 2015] [debug] Template "not_found.development.html.ep" not found.
[Thu Feb  5 11:00:20 2015] [debug] Template "not_found.html.ep" not found.
[Thu Feb  5 11:00:20 2015] [debug] Rendering cached inline template "8122878e3bc1034543706fb58b4de464".
[Thu Feb  5 11:00:20 2015] [debug] Rendering cached inline template "4fcf2af99f1803a7a26c2e9b04430f8c".
[Thu Feb  5 11:00:20 2015] [debug] 404 Not Found (0.013195s, 75.786/s).
[Thu Feb  5 11:00:20 2015] [debug] GET "/apple-touch-icon.png".
[Thu Feb  5 11:00:20 2015] [debug] Template "not_found.development.html.ep" not found.
[Thu Feb  5 11:00:20 2015] [debug] Template "not_found.html.ep" not found.
[Thu Feb  5 11:00:20 2015] [debug] Rendering cached inline template "8122878e3bc1034543706fb58b4de464".
[Thu Feb  5 11:00:20 2015] [debug] Rendering cached inline template "4fcf2af99f1803a7a26c2e9b04430f8c".
[Thu Feb  5 11:00:20 2015] [debug] 404 Not Found (0.009495s, 105.319/s).
[Thu Feb  5 11:58:36 2015] [info] Listening at "http://*:3000".
[Thu Feb  5 11:58:40 2015] [debug] Your secret passphrase needs to be changed!!!
[Thu Feb  5 11:58:40 2015] [debug] GET "/".
[Thu Feb  5 11:58:41 2015] [debug] Routing to controller "Hattyu::Web::Controller::Root" and action "index".
[Thu Feb  5 11:58:41 2015] [debug] Rendering template "root/index.html.ep".
[Thu Feb  5 11:58:41 2015] [debug] Rendering template "layouts/default.html.ep".
[Thu Feb  5 11:58:41 2015] [debug] 200 OK (0.298526s, 3.350/s).
[Thu Feb  5 11:58:41 2015] [debug] GET "/apple-touch-icon-precomposed.png".
[Thu Feb  5 11:58:41 2015] [debug] Template "not_found.development.html.ep" not found.
[Thu Feb  5 11:58:41 2015] [debug] Template "not_found.html.ep" not found.
[Thu Feb  5 11:58:41 2015] [debug] Rendering inline template "8122878e3bc1034543706fb58b4de464".
[Thu Feb  5 11:58:41 2015] [debug] Rendering inline template "4fcf2af99f1803a7a26c2e9b04430f8c".
[Thu Feb  5 11:58:41 2015] [debug] 404 Not Found (0.039787s, 25.134/s).
[Thu Feb  5 11:58:41 2015] [debug] GET "/apple-touch-icon.png".
[Thu Feb  5 11:58:41 2015] [debug] Template "not_found.development.html.ep" not found.
[Thu Feb  5 11:58:41 2015] [debug] Template "not_found.html.ep" not found.
[Thu Feb  5 11:58:41 2015] [debug] Rendering cached inline template "8122878e3bc1034543706fb58b4de464".
[Thu Feb  5 11:58:41 2015] [debug] Rendering cached inline template "4fcf2af99f1803a7a26c2e9b04430f8c".
[Thu Feb  5 11:58:41 2015] [debug] 404 Not Found (0.010634s, 94.038/s).
[Thu Feb  5 11:58:44 2015] [debug] GET "/".
[Thu Feb  5 11:58:44 2015] [debug] Routing to controller "Hattyu::Web::Controller::Root" and action "index".
[Thu Feb  5 11:58:44 2015] [debug] Rendering cached template "root/index.html.ep".
[Thu Feb  5 11:58:44 2015] [debug] Rendering cached template "layouts/default.html.ep".
[Thu Feb  5 11:58:44 2015] [debug] 200 OK (0.005330s, 187.617/s).
[Thu Feb  5 11:58:44 2015] [debug] GET "/apple-touch-icon-precomposed.png".
[Thu Feb  5 11:58:44 2015] [debug] Template "not_found.development.html.ep" not found.
[Thu Feb  5 11:58:44 2015] [debug] Template "not_found.html.ep" not found.
[Thu Feb  5 11:58:44 2015] [debug] Rendering cached inline template "8122878e3bc1034543706fb58b4de464".
[Thu Feb  5 11:58:44 2015] [debug] Rendering cached inline template "4fcf2af99f1803a7a26c2e9b04430f8c".
[Thu Feb  5 11:58:44 2015] [debug] 404 Not Found (0.009747s, 102.596/s).
[Thu Feb  5 11:58:44 2015] [debug] GET "/apple-touch-icon.png".
[Thu Feb  5 11:58:44 2015] [debug] Template "not_found.development.html.ep" not found.
[Thu Feb  5 11:58:44 2015] [debug] Template "not_found.html.ep" not found.
[Thu Feb  5 11:58:44 2015] [debug] Rendering cached inline template "8122878e3bc1034543706fb58b4de464".
[Thu Feb  5 11:58:44 2015] [debug] Rendering cached inline template "4fcf2af99f1803a7a26c2e9b04430f8c".
[Thu Feb  5 11:58:44 2015] [debug] 404 Not Found (0.009409s, 106.281/s).
[Thu Feb  5 11:58:49 2015] [debug] GET "/".
[Thu Feb  5 11:58:49 2015] [debug] Routing to controller "Hattyu::Web::Controller::Root" and action "index".
[Thu Feb  5 11:58:49 2015] [debug] Rendering cached template "root/index.html.ep".
[Thu Feb  5 11:58:49 2015] [debug] Rendering cached template "layouts/default.html.ep".
[Thu Feb  5 11:58:49 2015] [debug] 200 OK (0.004264s, 234.522/s).
[Thu Feb  5 11:58:50 2015] [debug] GET "/apple-touch-icon-precomposed.png".
[Thu Feb  5 11:58:50 2015] [debug] Template "not_found.development.html.ep" not found.
[Thu Feb  5 11:58:50 2015] [debug] Template "not_found.html.ep" not found.
[Thu Feb  5 11:58:50 2015] [debug] Rendering cached inline template "8122878e3bc1034543706fb58b4de464".
[Thu Feb  5 11:58:50 2015] [debug] Rendering cached inline template "4fcf2af99f1803a7a26c2e9b04430f8c".
[Thu Feb  5 11:58:50 2015] [debug] 404 Not Found (0.009787s, 102.176/s).
[Thu Feb  5 11:58:50 2015] [debug] GET "/apple-touch-icon.png".
[Thu Feb  5 11:58:50 2015] [debug] Template "not_found.development.html.ep" not found.
[Thu Feb  5 11:58:50 2015] [debug] Template "not_found.html.ep" not found.
[Thu Feb  5 11:58:50 2015] [debug] Rendering cached inline template "8122878e3bc1034543706fb58b4de464".
[Thu Feb  5 11:58:50 2015] [debug] Rendering cached inline template "4fcf2af99f1803a7a26c2e9b04430f8c".
[Thu Feb  5 11:58:50 2015] [debug] 404 Not Found (0.009802s, 102.020/s).
[Thu Feb  5 11:58:59 2015] [debug] GET "/".
[Thu Feb  5 11:58:59 2015] [debug] Routing to controller "Hattyu::Web::Controller::Root" and action "index".
[Thu Feb  5 11:58:59 2015] [debug] Rendering cached template "root/index.html.ep".
[Thu Feb  5 11:58:59 2015] [debug] Rendering cached template "layouts/default.html.ep".
[Thu Feb  5 11:58:59 2015] [debug] 200 OK (0.005180s, 193.050/s).
[Thu Feb  5 11:59:00 2015] [debug] GET "/apple-touch-icon-precomposed.png".
[Thu Feb  5 11:59:00 2015] [debug] Template "not_found.development.html.ep" not found.
[Thu Feb  5 11:59:00 2015] [debug] Template "not_found.html.ep" not found.
[Thu Feb  5 11:59:00 2015] [debug] Rendering cached inline template "8122878e3bc1034543706fb58b4de464".
[Thu Feb  5 11:59:00 2015] [debug] Rendering cached inline template "4fcf2af99f1803a7a26c2e9b04430f8c".
[Thu Feb  5 11:59:00 2015] [debug] 404 Not Found (0.009286s, 107.689/s).
[Thu Feb  5 11:59:00 2015] [debug] GET "/apple-touch-icon.png".
[Thu Feb  5 11:59:00 2015] [debug] Template "not_found.development.html.ep" not found.
[Thu Feb  5 11:59:00 2015] [debug] Template "not_found.html.ep" not found.
[Thu Feb  5 11:59:00 2015] [debug] Rendering cached inline template "8122878e3bc1034543706fb58b4de464".
[Thu Feb  5 11:59:00 2015] [debug] Rendering cached inline template "4fcf2af99f1803a7a26c2e9b04430f8c".
[Thu Feb  5 11:59:00 2015] [debug] 404 Not Found (0.009481s, 105.474/s).
[Thu Feb  5 12:00:35 2015] [info] Listening at "http://*:3000".
[Thu Feb  5 12:00:37 2015] [debug] Your secret passphrase needs to be changed!!!
[Thu Feb  5 12:00:37 2015] [debug] GET "/".
[Thu Feb  5 12:00:37 2015] [debug] Routing to controller "Hattyu::Web::Controller::Root" and action "index".
[Thu Feb  5 12:00:37 2015] [error] @@@@@@@@@@@@@@@@@@@@@@@@@@@@@@@@@@@@@
@@@@@ Teng 's Exception @@@@@
Reason  : DBD::mysql::st execute failed: Unknown column 'order_by' in 'where clause' at /Users/mac05/perl5/perlbrew/perls/perl-5.21.2/lib/site_perl/5.21.2/Teng.pm line 282.

SQL     : SELECT `id`, `item_cd`, `item_name`, `jyodai`, `gedai`, `shiire`, `hattan`, `sales_start_date`, `rank`, `hinrui`, `hinsyu`, `imsir`, `card`, `created_at`, `updated_at`
          FROM `m_item`
          WHERE (`order_by` IN (?, ?))
BIND    : $VAR1 = [
          'imsir',
          'sales_start_date'
        ];

@@@@@@@@@@@@@@@@@@@@@@@@@@@@@@@@@@@@@
 at lib/Hattyu/Web/Controller/Root.pm line 13.

[Thu Feb  5 12:00:37 2015] [debug] Template "exception.development.html.ep" not found.
[Thu Feb  5 12:00:37 2015] [debug] Template "exception.html.ep" not found.
[Thu Feb  5 12:00:37 2015] [debug] Rendering inline template "8122878e3bc1034543706fb58b4de464".
[Thu Feb  5 12:00:38 2015] [debug] Rendering inline template "4fcf2af99f1803a7a26c2e9b04430f8c".
[Thu Feb  5 12:00:38 2015] [debug] 500 Internal Server Error (0.310045s, 3.225/s).
[Thu Feb  5 12:00:38 2015] [debug] GET "/apple-touch-icon-precomposed.png".
[Thu Feb  5 12:00:38 2015] [debug] Template "not_found.development.html.ep" not found.
[Thu Feb  5 12:00:38 2015] [debug] Template "not_found.html.ep" not found.
[Thu Feb  5 12:00:38 2015] [debug] Rendering inline template "8122878e3bc1034543706fb58b4de464".
[Thu Feb  5 12:00:38 2015] [debug] Rendering inline template "4fcf2af99f1803a7a26c2e9b04430f8c".
[Thu Feb  5 12:00:38 2015] [debug] 404 Not Found (0.040141s, 24.912/s).
[Thu Feb  5 12:00:38 2015] [debug] GET "/apple-touch-icon.png".
[Thu Feb  5 12:00:38 2015] [debug] Template "not_found.development.html.ep" not found.
[Thu Feb  5 12:00:38 2015] [debug] Template "not_found.html.ep" not found.
[Thu Feb  5 12:00:38 2015] [debug] Rendering cached inline template "8122878e3bc1034543706fb58b4de464".
[Thu Feb  5 12:00:38 2015] [debug] Rendering cached inline template "4fcf2af99f1803a7a26c2e9b04430f8c".
[Thu Feb  5 12:00:38 2015] [debug] 404 Not Found (0.009602s, 104.145/s).
[Thu Feb  5 12:01:25 2015] [info] Listening at "http://*:3000".
[Thu Feb  5 12:01:28 2015] [debug] Your secret passphrase needs to be changed!!!
[Thu Feb  5 12:01:28 2015] [debug] GET "/".
[Thu Feb  5 12:01:28 2015] [debug] Routing to controller "Hattyu::Web::Controller::Root" and action "index".
[Thu Feb  5 12:01:28 2015] [debug] Rendering template "root/index.html.ep".
[Thu Feb  5 12:01:28 2015] [debug] Rendering template "layouts/default.html.ep".
[Thu Feb  5 12:01:28 2015] [debug] 200 OK (0.222160s, 4.501/s).
[Thu Feb  5 12:01:29 2015] [debug] GET "/apple-touch-icon-precomposed.png".
[Thu Feb  5 12:01:29 2015] [debug] Template "not_found.development.html.ep" not found.
[Thu Feb  5 12:01:29 2015] [debug] Template "not_found.html.ep" not found.
[Thu Feb  5 12:01:29 2015] [debug] Rendering inline template "8122878e3bc1034543706fb58b4de464".
[Thu Feb  5 12:01:29 2015] [debug] Rendering inline template "4fcf2af99f1803a7a26c2e9b04430f8c".
[Thu Feb  5 12:01:29 2015] [debug] 404 Not Found (0.056002s, 17.857/s).
[Thu Feb  5 12:01:29 2015] [debug] GET "/apple-touch-icon.png".
[Thu Feb  5 12:01:29 2015] [debug] Template "not_found.development.html.ep" not found.
[Thu Feb  5 12:01:29 2015] [debug] Template "not_found.html.ep" not found.
[Thu Feb  5 12:01:29 2015] [debug] Rendering cached inline template "8122878e3bc1034543706fb58b4de464".
[Thu Feb  5 12:01:29 2015] [debug] Rendering cached inline template "4fcf2af99f1803a7a26c2e9b04430f8c".
[Thu Feb  5 12:01:29 2015] [debug] 404 Not Found (0.011356s, 88.059/s).
[Thu Feb  5 13:05:01 2015] [info] Listening at "http://*:3000".
[Thu Feb  5 13:05:19 2015] [debug] Your secret passphrase needs to be changed!!!
[Thu Feb  5 13:05:19 2015] [debug] GET "/".
[Thu Feb  5 13:05:20 2015] [debug] Routing to controller "Hattyu::Web::Controller::Root" and action "index".
[Thu Feb  5 13:05:20 2015] [debug] Rendering template "root/index.html.ep".
[Thu Feb  5 13:05:20 2015] [debug] Rendering template "layouts/default.html.ep".
[Thu Feb  5 13:05:20 2015] [debug] 200 OK (0.555587s, 1.800/s).
[Thu Feb  5 13:05:20 2015] [debug] GET "/apple-touch-icon-precomposed.png".
[Thu Feb  5 13:05:20 2015] [debug] Template "not_found.development.html.ep" not found.
[Thu Feb  5 13:05:20 2015] [debug] Template "not_found.html.ep" not found.
[Thu Feb  5 13:05:20 2015] [debug] Rendering inline template "8122878e3bc1034543706fb58b4de464".
[Thu Feb  5 13:05:20 2015] [debug] Rendering inline template "4fcf2af99f1803a7a26c2e9b04430f8c".
[Thu Feb  5 13:05:20 2015] [debug] 404 Not Found (0.040604s, 24.628/s).
[Thu Feb  5 13:05:20 2015] [debug] GET "/apple-touch-icon.png".
[Thu Feb  5 13:05:20 2015] [debug] Template "not_found.development.html.ep" not found.
[Thu Feb  5 13:05:20 2015] [debug] Template "not_found.html.ep" not found.
[Thu Feb  5 13:05:20 2015] [debug] Rendering cached inline template "8122878e3bc1034543706fb58b4de464".
[Thu Feb  5 13:05:20 2015] [debug] Rendering cached inline template "4fcf2af99f1803a7a26c2e9b04430f8c".
[Thu Feb  5 13:05:20 2015] [debug] 404 Not Found (0.053745s, 18.606/s).
[Thu Feb  5 13:20:13 2015] [info] Listening at "http://*:3000".
[Thu Feb  5 13:20:16 2015] [debug] Your secret passphrase needs to be changed!!!
[Thu Feb  5 13:20:16 2015] [debug] GET "/".
[Thu Feb  5 13:20:16 2015] [debug] Routing to controller "Hattyu::Web::Controller::Root" and action "index".
[Thu Feb  5 13:20:16 2015] [debug] Rendering template "root/index.html.ep".
[Thu Feb  5 13:20:16 2015] [error] syntax error at template root/index.html.ep line 27, near "$seq $_M "
22: 		</tr>
23: 	</thead>
24: 	<tbody>
25: % for my $entry (@$entries) {
26: 				<tr>
27: 				  <% ++$seq %>
28:           <td><%= ++$seq %></td>				
29: 				  <td><%= $seq %></div>
30: 					<td><%= $entry->{row_data}{item_cd} %></td>
31: 					<td><%= $entry->{row_data}{item_name} %></td>
32: 					<input type="text" class="form-control" id="suryo" placeholder="Enter suryo" />

[Thu Feb  5 13:20:16 2015] [debug] Template "exception.development.html.ep" not found.
[Thu Feb  5 13:20:16 2015] [debug] Template "exception.html.ep" not found.
[Thu Feb  5 13:20:16 2015] [debug] Rendering inline template "8122878e3bc1034543706fb58b4de464".
[Thu Feb  5 13:20:16 2015] [debug] Rendering inline template "4fcf2af99f1803a7a26c2e9b04430f8c".
[Thu Feb  5 13:20:16 2015] [debug] 500 Internal Server Error (0.334002s, 2.994/s).
[Thu Feb  5 13:20:18 2015] [debug] GET "/apple-touch-icon-precomposed.png".
[Thu Feb  5 13:20:18 2015] [debug] Template "not_found.development.html.ep" not found.
[Thu Feb  5 13:20:18 2015] [debug] Template "not_found.html.ep" not found.
[Thu Feb  5 13:20:18 2015] [debug] Rendering inline template "8122878e3bc1034543706fb58b4de464".
[Thu Feb  5 13:20:18 2015] [debug] Rendering inline template "4fcf2af99f1803a7a26c2e9b04430f8c".
[Thu Feb  5 13:20:18 2015] [debug] 404 Not Found (0.047893s, 20.880/s).
[Thu Feb  5 13:20:18 2015] [debug] GET "/apple-touch-icon.png".
[Thu Feb  5 13:20:18 2015] [debug] Template "not_found.development.html.ep" not found.
[Thu Feb  5 13:20:18 2015] [debug] Template "not_found.html.ep" not found.
[Thu Feb  5 13:20:18 2015] [debug] Rendering cached inline template "8122878e3bc1034543706fb58b4de464".
[Thu Feb  5 13:20:18 2015] [debug] Rendering cached inline template "4fcf2af99f1803a7a26c2e9b04430f8c".
[Thu Feb  5 13:20:18 2015] [debug] 404 Not Found (0.011845s, 84.424/s).
[Thu Feb  5 13:21:37 2015] [info] Listening at "http://*:3000".
[Thu Feb  5 13:21:40 2015] [debug] Your secret passphrase needs to be changed!!!
[Thu Feb  5 13:21:40 2015] [debug] GET "/".
[Thu Feb  5 13:21:40 2015] [debug] Routing to controller "Hattyu::Web::Controller::Root" and action "index".
[Thu Feb  5 13:21:40 2015] [debug] Rendering template "root/index.html.ep".
[Thu Feb  5 13:21:40 2015] [debug] Rendering template "layouts/default.html.ep".
[Thu Feb  5 13:21:40 2015] [debug] 200 OK (0.227976s, 4.386/s).
[Thu Feb  5 13:21:40 2015] [debug] GET "/apple-touch-icon-precomposed.png".
[Thu Feb  5 13:21:40 2015] [debug] Template "not_found.development.html.ep" not found.
[Thu Feb  5 13:21:40 2015] [debug] Template "not_found.html.ep" not found.
[Thu Feb  5 13:21:40 2015] [debug] Rendering inline template "8122878e3bc1034543706fb58b4de464".
[Thu Feb  5 13:21:40 2015] [debug] Rendering inline template "4fcf2af99f1803a7a26c2e9b04430f8c".
[Thu Feb  5 13:21:40 2015] [debug] 404 Not Found (0.040492s, 24.696/s).
[Thu Feb  5 13:21:40 2015] [debug] GET "/apple-touch-icon.png".
[Thu Feb  5 13:21:40 2015] [debug] Template "not_found.development.html.ep" not found.
[Thu Feb  5 13:21:40 2015] [debug] Template "not_found.html.ep" not found.
[Thu Feb  5 13:21:40 2015] [debug] Rendering cached inline template "8122878e3bc1034543706fb58b4de464".
[Thu Feb  5 13:21:40 2015] [debug] Rendering cached inline template "4fcf2af99f1803a7a26c2e9b04430f8c".
[Thu Feb  5 13:21:40 2015] [debug] 404 Not Found (0.009626s, 103.885/s).
[Thu Feb  5 13:24:02 2015] [info] Listening at "http://*:3000".
[Thu Feb  5 13:24:04 2015] [debug] Your secret passphrase needs to be changed!!!
[Thu Feb  5 13:24:04 2015] [debug] GET "/".
[Thu Feb  5 13:24:04 2015] [debug] Routing to controller "Hattyu::Web::Controller::Root" and action "index".
[Thu Feb  5 13:24:04 2015] [debug] Rendering template "root/index.html.ep".
[Thu Feb  5 13:24:04 2015] [debug] Rendering template "layouts/default.html.ep".
[Thu Feb  5 13:24:04 2015] [debug] 200 OK (0.221564s, 4.513/s).
[Thu Feb  5 13:24:05 2015] [debug] GET "/apple-touch-icon-precomposed.png".
[Thu Feb  5 13:24:05 2015] [debug] Template "not_found.development.html.ep" not found.
[Thu Feb  5 13:24:05 2015] [debug] Template "not_found.html.ep" not found.
[Thu Feb  5 13:24:05 2015] [debug] Rendering inline template "8122878e3bc1034543706fb58b4de464".
[Thu Feb  5 13:24:05 2015] [debug] Rendering inline template "4fcf2af99f1803a7a26c2e9b04430f8c".
[Thu Feb  5 13:24:05 2015] [debug] 404 Not Found (0.040164s, 24.898/s).
[Thu Feb  5 13:24:05 2015] [debug] GET "/apple-touch-icon.png".
[Thu Feb  5 13:24:05 2015] [debug] Template "not_found.development.html.ep" not found.
[Thu Feb  5 13:24:05 2015] [debug] Template "not_found.html.ep" not found.
[Thu Feb  5 13:24:05 2015] [debug] Rendering cached inline template "8122878e3bc1034543706fb58b4de464".
[Thu Feb  5 13:24:05 2015] [debug] Rendering cached inline template "4fcf2af99f1803a7a26c2e9b04430f8c".
[Thu Feb  5 13:24:05 2015] [debug] 404 Not Found (0.009146s, 109.337/s).
[Thu Feb  5 13:46:22 2015] [info] Listening at "http://*:3000".
[Thu Feb  5 13:46:29 2015] [debug] Your secret passphrase needs to be changed!!!
[Thu Feb  5 13:46:29 2015] [debug] GET "/".
[Thu Feb  5 13:46:29 2015] [debug] Routing to controller "Hattyu::Web::Controller::Root" and action "index".
[Thu Feb  5 13:46:29 2015] [debug] Rendering template "root/index.html.ep".
[Thu Feb  5 13:46:29 2015] [debug] Rendering template "layouts/default.html.ep".
[Thu Feb  5 13:46:29 2015] [debug] 200 OK (0.289571s, 3.453/s).
[Thu Feb  5 13:46:30 2015] [debug] GET "/apple-touch-icon-precomposed.png".
[Thu Feb  5 13:46:30 2015] [debug] Template "not_found.development.html.ep" not found.
[Thu Feb  5 13:46:30 2015] [debug] Template "not_found.html.ep" not found.
[Thu Feb  5 13:46:30 2015] [debug] Rendering inline template "8122878e3bc1034543706fb58b4de464".
[Thu Feb  5 13:46:30 2015] [debug] Rendering inline template "4fcf2af99f1803a7a26c2e9b04430f8c".
[Thu Feb  5 13:46:30 2015] [debug] 404 Not Found (0.043117s, 23.193/s).
[Thu Feb  5 13:46:30 2015] [debug] GET "/apple-touch-icon.png".
[Thu Feb  5 13:46:30 2015] [debug] Template "not_found.development.html.ep" not found.
[Thu Feb  5 13:46:30 2015] [debug] Template "not_found.html.ep" not found.
[Thu Feb  5 13:46:30 2015] [debug] Rendering cached inline template "8122878e3bc1034543706fb58b4de464".
[Thu Feb  5 13:46:30 2015] [debug] Rendering cached inline template "4fcf2af99f1803a7a26c2e9b04430f8c".
[Thu Feb  5 13:46:30 2015] [debug] 404 Not Found (0.011057s, 90.440/s).
[Thu Feb  5 13:47:37 2015] [info] Listening at "http://*:3000".
[Thu Feb  5 13:47:39 2015] [debug] Your secret passphrase needs to be changed!!!
[Thu Feb  5 13:47:39 2015] [debug] GET "/".
[Thu Feb  5 13:47:39 2015] [debug] Routing to controller "Hattyu::Web::Controller::Root" and action "index".
[Thu Feb  5 13:47:39 2015] [debug] Rendering template "root/index.html.ep".
[Thu Feb  5 13:47:39 2015] [debug] Rendering template "layouts/default.html.ep".
[Thu Feb  5 13:47:39 2015] [debug] 200 OK (0.230073s, 4.346/s).
[Thu Feb  5 13:47:39 2015] [debug] GET "/apple-touch-icon-precomposed.png".
[Thu Feb  5 13:47:39 2015] [debug] Template "not_found.development.html.ep" not found.
[Thu Feb  5 13:47:39 2015] [debug] Template "not_found.html.ep" not found.
[Thu Feb  5 13:47:39 2015] [debug] Rendering inline template "8122878e3bc1034543706fb58b4de464".
[Thu Feb  5 13:47:39 2015] [debug] Rendering inline template "4fcf2af99f1803a7a26c2e9b04430f8c".
[Thu Feb  5 13:47:39 2015] [debug] 404 Not Found (0.040702s, 24.569/s).
[Thu Feb  5 13:47:40 2015] [debug] GET "/apple-touch-icon.png".
[Thu Feb  5 13:47:40 2015] [debug] Template "not_found.development.html.ep" not found.
[Thu Feb  5 13:47:40 2015] [debug] Template "not_found.html.ep" not found.
[Thu Feb  5 13:47:40 2015] [debug] Rendering cached inline template "8122878e3bc1034543706fb58b4de464".
[Thu Feb  5 13:47:40 2015] [debug] Rendering cached inline template "4fcf2af99f1803a7a26c2e9b04430f8c".
[Thu Feb  5 13:47:40 2015] [debug] 404 Not Found (0.009538s, 104.844/s).
[Thu Feb  5 14:11:21 2015] [info] Listening at "http://*:3000".
[Thu Feb  5 14:11:26 2015] [debug] Your secret passphrase needs to be changed!!!
[Thu Feb  5 14:11:26 2015] [debug] GET "/".
[Thu Feb  5 14:11:26 2015] [debug] Routing to controller "Hattyu::Web::Controller::Root" and action "index".
[Thu Feb  5 14:11:26 2015] [debug] Rendering template "root/index.html.ep".
[Thu Feb  5 14:11:26 2015] [debug] Rendering template "layouts/default.html.ep".
[Thu Feb  5 14:11:26 2015] [debug] 200 OK (0.287774s, 3.475/s).
[Thu Feb  5 14:11:27 2015] [debug] GET "/images/2000235135483-s.jpg%20%3E%3C/td%3E%3Ctd%3E2000235135483%3C/td%3E%3Ctd%3E%E5%8D%97%E5%9B%BD%E6%9F%84%E3%82%AB%E3%83%81%E3%83%A5%E3%83%BC%E3%83%A0%E3%80%80RE%3C/td%3E%3Ctd%3E235%3C/td%3E%3Ctd%3E1404%3C/td%3E%3Ctd%3E1300%3C/td%3E%3Ctd%3E114%3C/td%3E%3Ctd%3E20140612%3C/td%3E%3Ctd%3E1%3C/td%3E%3Ctd%3E1%3C/td%3E%3Ctd%3E%3Cinput%20type=".
[Thu Feb  5 14:11:27 2015] [debug] Template "not_found.development.html.ep" not found.
[Thu Feb  5 14:11:27 2015] [debug] Template "not_found.html.ep" not found.
[Thu Feb  5 14:11:27 2015] [debug] Rendering inline template "8122878e3bc1034543706fb58b4de464".
[Thu Feb  5 14:11:27 2015] [debug] Rendering inline template "4fcf2af99f1803a7a26c2e9b04430f8c".
[Thu Feb  5 14:11:27 2015] [debug] 404 Not Found (0.041952s, 23.837/s).
[Thu Feb  5 14:11:27 2015] [debug] GET "/images/2000235135490-s.jpg%20%3E%3C/td%3E%3Ctd%3E2000235135490%3C/td%3E%3Ctd%3E%E5%8D%97%E5%9B%BD%E6%9F%84%E3%82%AB%E3%83%81%E3%83%A5%E3%83%BC%E3%83%A0%E3%80%80BL%3C/td%3E%3Ctd%3E236%3C/td%3E%3Ctd%3E1405%3C/td%3E%3Ctd%3E1301%3C/td%3E%3Ctd%3E115%3C/td%3E%3Ctd%3E20140613%3C/td%3E%3Ctd%3E2%3C/td%3E%3Ctd%3E2%3C/td%3E%3Ctd%3E%3Cinput%20type=".
[Thu Feb  5 14:11:27 2015] [debug] Template "not_found.development.html.ep" not found.
[Thu Feb  5 14:11:27 2015] [debug] Template "not_found.html.ep" not found.
[Thu Feb  5 14:11:27 2015] [debug] Rendering cached inline template "8122878e3bc1034543706fb58b4de464".
[Thu Feb  5 14:11:27 2015] [debug] Rendering cached inline template "4fcf2af99f1803a7a26c2e9b04430f8c".
[Thu Feb  5 14:11:27 2015] [debug] 404 Not Found (0.011067s, 90.359/s).
[Thu Feb  5 14:11:27 2015] [debug] GET "/apple-touch-icon-precomposed.png".
[Thu Feb  5 14:11:27 2015] [debug] Template "not_found.development.html.ep" not found.
[Thu Feb  5 14:11:27 2015] [debug] Template "not_found.html.ep" not found.
[Thu Feb  5 14:11:27 2015] [debug] Rendering cached inline template "8122878e3bc1034543706fb58b4de464".
[Thu Feb  5 14:11:27 2015] [debug] Rendering cached inline template "4fcf2af99f1803a7a26c2e9b04430f8c".
[Thu Feb  5 14:11:27 2015] [debug] 404 Not Found (0.010054s, 99.463/s).
[Thu Feb  5 14:11:27 2015] [debug] GET "/apple-touch-icon.png".
[Thu Feb  5 14:11:27 2015] [debug] Template "not_found.development.html.ep" not found.
[Thu Feb  5 14:11:27 2015] [debug] Template "not_found.html.ep" not found.
[Thu Feb  5 14:11:27 2015] [debug] Rendering cached inline template "8122878e3bc1034543706fb58b4de464".
[Thu Feb  5 14:11:27 2015] [debug] Rendering cached inline template "4fcf2af99f1803a7a26c2e9b04430f8c".
[Thu Feb  5 14:11:27 2015] [debug] 404 Not Found (0.009269s, 107.887/s).
[Thu Feb  5 14:15:19 2015] [info] Listening at "http://*:3000".
[Thu Feb  5 14:15:21 2015] [debug] Your secret passphrase needs to be changed!!!
[Thu Feb  5 14:15:21 2015] [debug] GET "/".
[Thu Feb  5 14:15:21 2015] [debug] Routing to controller "Hattyu::Web::Controller::Root" and action "index".
[Thu Feb  5 14:15:21 2015] [debug] Rendering template "root/index.html.ep".
[Thu Feb  5 14:15:21 2015] [debug] Rendering template "layouts/default.html.ep".
[Thu Feb  5 14:15:21 2015] [debug] 200 OK (0.219880s, 4.548/s).
[Thu Feb  5 14:15:22 2015] [debug] GET "/apple-touch-icon-precomposed.png".
[Thu Feb  5 14:15:22 2015] [debug] Template "not_found.development.html.ep" not found.
[Thu Feb  5 14:15:22 2015] [debug] Template "not_found.html.ep" not found.
[Thu Feb  5 14:15:22 2015] [debug] Rendering inline template "8122878e3bc1034543706fb58b4de464".
[Thu Feb  5 14:15:22 2015] [debug] Rendering inline template "4fcf2af99f1803a7a26c2e9b04430f8c".
[Thu Feb  5 14:15:22 2015] [debug] 404 Not Found (0.040306s, 24.810/s).
[Thu Feb  5 14:15:22 2015] [debug] GET "/apple-touch-icon.png".
[Thu Feb  5 14:15:22 2015] [debug] Template "not_found.development.html.ep" not found.
[Thu Feb  5 14:15:22 2015] [debug] Template "not_found.html.ep" not found.
[Thu Feb  5 14:15:22 2015] [debug] Rendering cached inline template "8122878e3bc1034543706fb58b4de464".
[Thu Feb  5 14:15:22 2015] [debug] Rendering cached inline template "4fcf2af99f1803a7a26c2e9b04430f8c".
[Thu Feb  5 14:15:22 2015] [debug] 404 Not Found (0.009447s, 105.854/s).
[Thu Feb  5 14:22:59 2015] [info] Listening at "http://*:3000".
[Thu Feb  5 14:23:03 2015] [debug] Your secret passphrase needs to be changed!!!
[Thu Feb  5 14:23:03 2015] [debug] GET "/".
[Thu Feb  5 14:23:03 2015] [debug] Routing to controller "Hattyu::Web::Controller::Root" and action "index".
[Thu Feb  5 14:23:03 2015] [debug] Rendering template "root/index.html.ep".
[Thu Feb  5 14:23:03 2015] [debug] Rendering template "layouts/default.html.ep".
[Thu Feb  5 14:23:03 2015] [debug] 200 OK (0.334464s, 2.990/s).
[Thu Feb  5 14:23:04 2015] [debug] GET "/apple-touch-icon-precomposed.png".
[Thu Feb  5 14:23:04 2015] [debug] Template "not_found.development.html.ep" not found.
[Thu Feb  5 14:23:04 2015] [debug] Template "not_found.html.ep" not found.
[Thu Feb  5 14:23:04 2015] [debug] Rendering inline template "8122878e3bc1034543706fb58b4de464".
[Thu Feb  5 14:23:04 2015] [debug] Rendering inline template "4fcf2af99f1803a7a26c2e9b04430f8c".
[Thu Feb  5 14:23:04 2015] [debug] 404 Not Found (0.042199s, 23.697/s).
[Thu Feb  5 14:23:04 2015] [debug] GET "/apple-touch-icon.png".
[Thu Feb  5 14:23:04 2015] [debug] Template "not_found.development.html.ep" not found.
[Thu Feb  5 14:23:04 2015] [debug] Template "not_found.html.ep" not found.
[Thu Feb  5 14:23:04 2015] [debug] Rendering cached inline template "8122878e3bc1034543706fb58b4de464".
[Thu Feb  5 14:23:04 2015] [debug] Rendering cached inline template "4fcf2af99f1803a7a26c2e9b04430f8c".
[Thu Feb  5 14:23:04 2015] [debug] 404 Not Found (0.009628s, 103.864/s).
[Thu Feb  5 14:29:47 2015] [info] Listening at "http://*:3000".
[Thu Feb  5 14:29:49 2015] [debug] Your secret passphrase needs to be changed!!!
[Thu Feb  5 14:29:49 2015] [debug] GET "/".
[Thu Feb  5 14:29:49 2015] [debug] Routing to controller "Hattyu::Web::Controller::Root" and action "index".
[Thu Feb  5 14:29:49 2015] [debug] Rendering template "root/index.html.ep".
[Thu Feb  5 14:29:49 2015] [debug] Rendering template "layouts/default.html.ep".
[Thu Feb  5 14:29:49 2015] [debug] 200 OK (0.227763s, 4.391/s).
[Thu Feb  5 14:29:49 2015] [debug] GET "/apple-touch-icon-precomposed.png".
[Thu Feb  5 14:29:49 2015] [debug] Template "not_found.development.html.ep" not found.
[Thu Feb  5 14:29:49 2015] [debug] Template "not_found.html.ep" not found.
[Thu Feb  5 14:29:49 2015] [debug] Rendering inline template "8122878e3bc1034543706fb58b4de464".
[Thu Feb  5 14:29:49 2015] [debug] Rendering inline template "4fcf2af99f1803a7a26c2e9b04430f8c".
[Thu Feb  5 14:29:49 2015] [debug] 404 Not Found (0.040594s, 24.634/s).
[Thu Feb  5 14:29:49 2015] [debug] GET "/apple-touch-icon.png".
[Thu Feb  5 14:29:49 2015] [debug] Template "not_found.development.html.ep" not found.
[Thu Feb  5 14:29:49 2015] [debug] Template "not_found.html.ep" not found.
[Thu Feb  5 14:29:49 2015] [debug] Rendering cached inline template "8122878e3bc1034543706fb58b4de464".
[Thu Feb  5 14:29:49 2015] [debug] Rendering cached inline template "4fcf2af99f1803a7a26c2e9b04430f8c".
[Thu Feb  5 14:29:50 2015] [debug] 404 Not Found (0.009198s, 108.719/s).
[Thu Feb  5 14:32:41 2015] [info] Listening at "http://*:3000".
[Thu Feb  5 14:32:44 2015] [debug] Your secret passphrase needs to be changed!!!
[Thu Feb  5 14:32:44 2015] [debug] GET "/".
[Thu Feb  5 14:32:44 2015] [debug] Routing to controller "Hattyu::Web::Controller::Root" and action "index".
[Thu Feb  5 14:32:44 2015] [debug] Rendering template "root/index.html.ep".
[Thu Feb  5 14:32:44 2015] [debug] Rendering template "layouts/default.html.ep".
[Thu Feb  5 14:32:44 2015] [debug] 200 OK (0.298979s, 3.345/s).
[Thu Feb  5 14:32:44 2015] [debug] GET "/apple-touch-icon-precomposed.png".
[Thu Feb  5 14:32:44 2015] [debug] Template "not_found.development.html.ep" not found.
[Thu Feb  5 14:32:44 2015] [debug] Template "not_found.html.ep" not found.
[Thu Feb  5 14:32:44 2015] [debug] Rendering inline template "8122878e3bc1034543706fb58b4de464".
[Thu Feb  5 14:32:44 2015] [debug] Rendering inline template "4fcf2af99f1803a7a26c2e9b04430f8c".
[Thu Feb  5 14:32:44 2015] [debug] 404 Not Found (0.041942s, 23.842/s).
[Thu Feb  5 14:32:44 2015] [debug] GET "/apple-touch-icon.png".
[Thu Feb  5 14:32:44 2015] [debug] Template "not_found.development.html.ep" not found.
[Thu Feb  5 14:32:44 2015] [debug] Template "not_found.html.ep" not found.
[Thu Feb  5 14:32:44 2015] [debug] Rendering cached inline template "8122878e3bc1034543706fb58b4de464".
[Thu Feb  5 14:32:44 2015] [debug] Rendering cached inline template "4fcf2af99f1803a7a26c2e9b04430f8c".
[Thu Feb  5 14:32:44 2015] [debug] 404 Not Found (0.009410s, 106.270/s).
[Thu Feb  5 14:34:55 2015] [info] Listening at "http://*:3000".
[Thu Feb  5 14:34:57 2015] [debug] Your secret passphrase needs to be changed!!!
[Thu Feb  5 14:34:57 2015] [debug] GET "/".
[Thu Feb  5 14:34:57 2015] [debug] Routing to controller "Hattyu::Web::Controller::Root" and action "index".
[Thu Feb  5 14:34:57 2015] [debug] Rendering template "root/index.html.ep".
[Thu Feb  5 14:34:57 2015] [debug] Rendering template "layouts/default.html.ep".
[Thu Feb  5 14:34:57 2015] [debug] 200 OK (0.231147s, 4.326/s).
[Thu Feb  5 14:34:58 2015] [debug] GET "/apple-touch-icon-precomposed.png".
[Thu Feb  5 14:34:58 2015] [debug] Template "not_found.development.html.ep" not found.
[Thu Feb  5 14:34:58 2015] [debug] Template "not_found.html.ep" not found.
[Thu Feb  5 14:34:58 2015] [debug] Rendering inline template "8122878e3bc1034543706fb58b4de464".
[Thu Feb  5 14:34:58 2015] [debug] Rendering inline template "4fcf2af99f1803a7a26c2e9b04430f8c".
[Thu Feb  5 14:34:58 2015] [debug] 404 Not Found (0.040681s, 24.581/s).
[Thu Feb  5 14:34:58 2015] [debug] GET "/apple-touch-icon.png".
[Thu Feb  5 14:34:58 2015] [debug] Template "not_found.development.html.ep" not found.
[Thu Feb  5 14:34:58 2015] [debug] Template "not_found.html.ep" not found.
[Thu Feb  5 14:34:58 2015] [debug] Rendering cached inline template "8122878e3bc1034543706fb58b4de464".
[Thu Feb  5 14:34:58 2015] [debug] Rendering cached inline template "4fcf2af99f1803a7a26c2e9b04430f8c".
[Thu Feb  5 14:34:58 2015] [debug] 404 Not Found (0.010820s, 92.421/s).
[Thu Feb  5 14:37:32 2015] [info] Listening at "http://*:3000".
[Thu Feb  5 14:37:35 2015] [debug] Your secret passphrase needs to be changed!!!
[Thu Feb  5 14:37:35 2015] [debug] GET "/".
[Thu Feb  5 14:37:35 2015] [debug] Routing to controller "Hattyu::Web::Controller::Root" and action "index".
[Thu Feb  5 14:37:35 2015] [debug] Rendering template "root/index.html.ep".
[Thu Feb  5 14:37:35 2015] [debug] Rendering template "layouts/default.html.ep".
[Thu Feb  5 14:37:35 2015] [debug] 200 OK (0.223539s, 4.473/s).
[Thu Feb  5 14:37:35 2015] [debug] GET "/apple-touch-icon-precomposed.png".
[Thu Feb  5 14:37:35 2015] [debug] Template "not_found.development.html.ep" not found.
[Thu Feb  5 14:37:35 2015] [debug] Template "not_found.html.ep" not found.
[Thu Feb  5 14:37:35 2015] [debug] Rendering inline template "8122878e3bc1034543706fb58b4de464".
[Thu Feb  5 14:37:35 2015] [debug] Rendering inline template "4fcf2af99f1803a7a26c2e9b04430f8c".
[Thu Feb  5 14:37:35 2015] [debug] 404 Not Found (0.040678s, 24.583/s).
[Thu Feb  5 14:37:35 2015] [debug] GET "/apple-touch-icon.png".
[Thu Feb  5 14:37:35 2015] [debug] Template "not_found.development.html.ep" not found.
[Thu Feb  5 14:37:35 2015] [debug] Template "not_found.html.ep" not found.
[Thu Feb  5 14:37:35 2015] [debug] Rendering cached inline template "8122878e3bc1034543706fb58b4de464".
[Thu Feb  5 14:37:35 2015] [debug] Rendering cached inline template "4fcf2af99f1803a7a26c2e9b04430f8c".
[Thu Feb  5 14:37:35 2015] [debug] 404 Not Found (0.009520s, 105.042/s).
[Thu Feb  5 14:38:50 2015] [info] Listening at "http://*:3000".
[Thu Feb  5 14:38:53 2015] [debug] Your secret passphrase needs to be changed!!!
[Thu Feb  5 14:38:53 2015] [debug] GET "/".
[Thu Feb  5 14:38:53 2015] [debug] Routing to controller "Hattyu::Web::Controller::Root" and action "index".
[Thu Feb  5 14:38:53 2015] [debug] Rendering template "root/index.html.ep".
[Thu Feb  5 14:38:53 2015] [debug] Rendering template "layouts/default.html.ep".
[Thu Feb  5 14:38:53 2015] [debug] 200 OK (0.222906s, 4.486/s).
[Thu Feb  5 14:38:53 2015] [debug] GET "/apple-touch-icon-precomposed.png".
[Thu Feb  5 14:38:53 2015] [debug] Template "not_found.development.html.ep" not found.
[Thu Feb  5 14:38:53 2015] [debug] Template "not_found.html.ep" not found.
[Thu Feb  5 14:38:53 2015] [debug] Rendering inline template "8122878e3bc1034543706fb58b4de464".
[Thu Feb  5 14:38:53 2015] [debug] Rendering inline template "4fcf2af99f1803a7a26c2e9b04430f8c".
[Thu Feb  5 14:38:53 2015] [debug] 404 Not Found (0.045496s, 21.980/s).
[Thu Feb  5 14:38:53 2015] [debug] GET "/apple-touch-icon.png".
[Thu Feb  5 14:38:53 2015] [debug] Template "not_found.development.html.ep" not found.
[Thu Feb  5 14:38:53 2015] [debug] Template "not_found.html.ep" not found.
[Thu Feb  5 14:38:53 2015] [debug] Rendering cached inline template "8122878e3bc1034543706fb58b4de464".
[Thu Feb  5 14:38:53 2015] [debug] Rendering cached inline template "4fcf2af99f1803a7a26c2e9b04430f8c".
[Thu Feb  5 14:38:53 2015] [debug] 404 Not Found (0.012037s, 83.077/s).
[Thu Feb  5 16:59:35 2015] [info] Listening at "http://*:3000".
[Thu Feb  5 16:59:53 2015] [debug] Your secret passphrase needs to be changed!!!
[Thu Feb  5 16:59:53 2015] [debug] GET "/".
[Thu Feb  5 16:59:55 2015] [debug] Routing to controller "Hattyu::Web::Controller::Root" and action "index".
[Thu Feb  5 16:59:55 2015] [debug] Rendering template "root/index.html.ep".
[Thu Feb  5 16:59:55 2015] [debug] Rendering template "layouts/default.html.ep".
[Thu Feb  5 16:59:55 2015] [debug] 200 OK (1.745548s, 0.573/s).
[Thu Feb  5 16:59:55 2015] [debug] GET "/apple-touch-icon-precomposed.png".
[Thu Feb  5 16:59:55 2015] [debug] Template "not_found.development.html.ep" not found.
[Thu Feb  5 16:59:55 2015] [debug] Template "not_found.html.ep" not found.
[Thu Feb  5 16:59:55 2015] [debug] Rendering inline template "8122878e3bc1034543706fb58b4de464".
[Thu Feb  5 16:59:55 2015] [debug] Rendering inline template "4fcf2af99f1803a7a26c2e9b04430f8c".
[Thu Feb  5 16:59:55 2015] [debug] 404 Not Found (0.051258s, 19.509/s).
[Thu Feb  5 16:59:55 2015] [debug] GET "/apple-touch-icon.png".
[Thu Feb  5 16:59:55 2015] [debug] Template "not_found.development.html.ep" not found.
[Thu Feb  5 16:59:55 2015] [debug] Template "not_found.html.ep" not found.
[Thu Feb  5 16:59:55 2015] [debug] Rendering cached inline template "8122878e3bc1034543706fb58b4de464".
[Thu Feb  5 16:59:55 2015] [debug] Rendering cached inline template "4fcf2af99f1803a7a26c2e9b04430f8c".
[Thu Feb  5 16:59:55 2015] [debug] 404 Not Found (0.009240s, 108.225/s).
[Thu Feb  5 16:59:56 2015] [debug] GET "/menu".
[Thu Feb  5 16:59:56 2015] [debug] Routing to controller "Hattyu::Web::Controller::Root" and action "menu".
[Thu Feb  5 16:59:56 2015] [error] @@@@@@@@@@@@@@@@@@@@@@@@@@@@@@@@@@@@@
@@@@@ Teng 's Exception @@@@@
Reason  : DBD::mysql::st execute failed: Unknown column 'shop_id' in 'where clause' at /Users/mac05/perl5/perlbrew/perls/perl-5.21.2/lib/site_perl/5.21.2/Teng.pm line 282.

SQL     : SELECT `id`, `shop_cd`, `shop_name`, `password`, `created_at`, `updated_at`
          FROM `m_shop`
          WHERE (`shop_id` = ?)
          LIMIT 1
BIND    : $VAR1 = [
          5002
        ];

@@@@@@@@@@@@@@@@@@@@@@@@@@@@@@@@@@@@@
 at lib/Hattyu/Web/Controller/Root.pm line 25.

[Thu Feb  5 16:59:56 2015] [debug] Template "exception.development.html.ep" not found.
[Thu Feb  5 16:59:56 2015] [debug] Template "exception.html.ep" not found.
[Thu Feb  5 16:59:56 2015] [debug] Rendering inline template "8122878e3bc1034543706fb58b4de464".
[Thu Feb  5 16:59:56 2015] [debug] Rendering inline template "4fcf2af99f1803a7a26c2e9b04430f8c".
[Thu Feb  5 16:59:56 2015] [debug] 500 Internal Server Error (0.074956s, 13.341/s).
[Thu Feb  5 16:59:57 2015] [debug] GET "/apple-touch-icon-precomposed.png".
[Thu Feb  5 16:59:57 2015] [debug] Template "not_found.development.html.ep" not found.
[Thu Feb  5 16:59:57 2015] [debug] Template "not_found.html.ep" not found.
[Thu Feb  5 16:59:57 2015] [debug] Rendering cached inline template "8122878e3bc1034543706fb58b4de464".
[Thu Feb  5 16:59:57 2015] [debug] Rendering cached inline template "4fcf2af99f1803a7a26c2e9b04430f8c".
[Thu Feb  5 16:59:57 2015] [debug] 404 Not Found (0.010525s, 95.012/s).
[Thu Feb  5 16:59:57 2015] [debug] GET "/apple-touch-icon.png".
[Thu Feb  5 16:59:57 2015] [debug] Template "not_found.development.html.ep" not found.
[Thu Feb  5 16:59:57 2015] [debug] Template "not_found.html.ep" not found.
[Thu Feb  5 16:59:57 2015] [debug] Rendering cached inline template "8122878e3bc1034543706fb58b4de464".
[Thu Feb  5 16:59:57 2015] [debug] Rendering cached inline template "4fcf2af99f1803a7a26c2e9b04430f8c".
[Thu Feb  5 16:59:57 2015] [debug] 404 Not Found (0.012708s, 78.691/s).
[Thu Feb  5 17:00:51 2015] [info] Listening at "http://*:3000".
[Thu Feb  5 17:00:54 2015] [debug] Your secret passphrase needs to be changed!!!
[Thu Feb  5 17:00:54 2015] [debug] GET "/menu".
[Thu Feb  5 17:00:55 2015] [debug] Routing to controller "Hattyu::Web::Controller::Root" and action "menu".
[Thu Feb  5 17:00:55 2015] [debug] Rendering template "root/menu.html.ep".
[Thu Feb  5 17:00:55 2015] [debug] Rendering template "layouts/default.html.ep".
[Thu Feb  5 17:00:55 2015] [debug] 200 OK (0.995062s, 1.005/s).
[Thu Feb  5 17:00:56 2015] [debug] GET "/apple-touch-icon-precomposed.png".
[Thu Feb  5 17:00:56 2015] [debug] Template "not_found.development.html.ep" not found.
[Thu Feb  5 17:00:56 2015] [debug] Template "not_found.html.ep" not found.
[Thu Feb  5 17:00:56 2015] [debug] Rendering inline template "8122878e3bc1034543706fb58b4de464".
[Thu Feb  5 17:00:56 2015] [debug] Rendering inline template "4fcf2af99f1803a7a26c2e9b04430f8c".
[Thu Feb  5 17:00:56 2015] [debug] 404 Not Found (0.047402s, 21.096/s).
[Thu Feb  5 17:00:56 2015] [debug] GET "/apple-touch-icon.png".
[Thu Feb  5 17:00:56 2015] [debug] Template "not_found.development.html.ep" not found.
[Thu Feb  5 17:00:56 2015] [debug] Template "not_found.html.ep" not found.
[Thu Feb  5 17:00:56 2015] [debug] Rendering cached inline template "8122878e3bc1034543706fb58b4de464".
[Thu Feb  5 17:00:56 2015] [debug] Rendering cached inline template "4fcf2af99f1803a7a26c2e9b04430f8c".
[Thu Feb  5 17:00:56 2015] [debug] 404 Not Found (0.011406s, 87.673/s).
[Thu Feb  5 17:02:37 2015] [info] Listening at "http://*:3000".
[Thu Feb  5 17:02:39 2015] [debug] Your secret passphrase needs to be changed!!!
[Thu Feb  5 17:02:39 2015] [debug] GET "/menu".
[Thu Feb  5 17:02:40 2015] [debug] Routing to controller "Hattyu::Web::Controller::Root" and action "menu".
[Thu Feb  5 17:02:40 2015] [debug] Rendering template "root/menu.html.ep".
[Thu Feb  5 17:02:40 2015] [debug] Rendering template "layouts/default.html.ep".
[Thu Feb  5 17:02:40 2015] [debug] 200 OK (0.954451s, 1.048/s).
[Thu Feb  5 17:02:41 2015] [debug] GET "/apple-touch-icon-precomposed.png".
[Thu Feb  5 17:02:41 2015] [debug] Template "not_found.development.html.ep" not found.
[Thu Feb  5 17:02:41 2015] [debug] Template "not_found.html.ep" not found.
[Thu Feb  5 17:02:41 2015] [debug] Rendering inline template "8122878e3bc1034543706fb58b4de464".
[Thu Feb  5 17:02:41 2015] [debug] Rendering inline template "4fcf2af99f1803a7a26c2e9b04430f8c".
[Thu Feb  5 17:02:41 2015] [debug] 404 Not Found (0.043526s, 22.975/s).
[Thu Feb  5 17:02:41 2015] [debug] GET "/apple-touch-icon.png".
[Thu Feb  5 17:02:41 2015] [debug] Template "not_found.development.html.ep" not found.
[Thu Feb  5 17:02:41 2015] [debug] Template "not_found.html.ep" not found.
[Thu Feb  5 17:02:41 2015] [debug] Rendering cached inline template "8122878e3bc1034543706fb58b4de464".
[Thu Feb  5 17:02:41 2015] [debug] Rendering cached inline template "4fcf2af99f1803a7a26c2e9b04430f8c".
[Thu Feb  5 17:02:41 2015] [debug] 404 Not Found (0.010589s, 94.438/s).
[Thu Feb  5 17:02:51 2015] [debug] GET "/menu".
[Thu Feb  5 17:02:51 2015] [debug] Routing to controller "Hattyu::Web::Controller::Root" and action "menu".
[Thu Feb  5 17:02:51 2015] [debug] Rendering cached template "root/menu.html.ep".
[Thu Feb  5 17:02:51 2015] [debug] Rendering cached template "layouts/default.html.ep".
[Thu Feb  5 17:02:51 2015] [debug] 200 OK (0.003118s, 320.718/s).
[Thu Feb  5 17:02:51 2015] [debug] GET "/apple-touch-icon-precomposed.png".
[Thu Feb  5 17:02:51 2015] [debug] Template "not_found.development.html.ep" not found.
[Thu Feb  5 17:02:51 2015] [debug] Template "not_found.html.ep" not found.
[Thu Feb  5 17:02:51 2015] [debug] Rendering cached inline template "8122878e3bc1034543706fb58b4de464".
[Thu Feb  5 17:02:51 2015] [debug] Rendering cached inline template "4fcf2af99f1803a7a26c2e9b04430f8c".
[Thu Feb  5 17:02:51 2015] [debug] 404 Not Found (0.009713s, 102.955/s).
[Thu Feb  5 17:02:51 2015] [debug] GET "/apple-touch-icon.png".
[Thu Feb  5 17:02:51 2015] [debug] Template "not_found.development.html.ep" not found.
[Thu Feb  5 17:02:51 2015] [debug] Template "not_found.html.ep" not found.
[Thu Feb  5 17:02:51 2015] [debug] Rendering cached inline template "8122878e3bc1034543706fb58b4de464".
[Thu Feb  5 17:02:51 2015] [debug] Rendering cached inline template "4fcf2af99f1803a7a26c2e9b04430f8c".
[Thu Feb  5 17:02:51 2015] [debug] 404 Not Found (0.010380s, 96.339/s).
[Thu Feb  5 17:02:51 2015] [debug] GET "/".
[Thu Feb  5 17:02:51 2015] [debug] Routing to controller "Hattyu::Web::Controller::Root" and action "index".
[Thu Feb  5 17:02:51 2015] [debug] Rendering template "root/index.html.ep".
[Thu Feb  5 17:02:51 2015] [debug] Rendering template "layouts/default.html.ep".
[Thu Feb  5 17:02:51 2015] [debug] 200 OK (0.009798s, 102.062/s).
[Thu Feb  5 17:02:51 2015] [debug] GET "/apple-touch-icon-precomposed.png".
[Thu Feb  5 17:02:51 2015] [debug] Template "not_found.development.html.ep" not found.
[Thu Feb  5 17:02:51 2015] [debug] Template "not_found.html.ep" not found.
[Thu Feb  5 17:02:51 2015] [debug] Rendering cached inline template "8122878e3bc1034543706fb58b4de464".
[Thu Feb  5 17:02:51 2015] [debug] Rendering cached inline template "4fcf2af99f1803a7a26c2e9b04430f8c".
[Thu Feb  5 17:02:51 2015] [debug] 404 Not Found (0.008948s, 111.757/s).
[Thu Feb  5 17:02:51 2015] [debug] GET "/apple-touch-icon.png".
[Thu Feb  5 17:02:51 2015] [debug] Template "not_found.development.html.ep" not found.
[Thu Feb  5 17:02:51 2015] [debug] Template "not_found.html.ep" not found.
[Thu Feb  5 17:02:51 2015] [debug] Rendering cached inline template "8122878e3bc1034543706fb58b4de464".
[Thu Feb  5 17:02:51 2015] [debug] Rendering cached inline template "4fcf2af99f1803a7a26c2e9b04430f8c".
[Thu Feb  5 17:02:51 2015] [debug] 404 Not Found (0.008858s, 112.892/s).
[Thu Feb  5 17:02:52 2015] [debug] GET "/".
[Thu Feb  5 17:02:52 2015] [debug] Routing to controller "Hattyu::Web::Controller::Root" and action "index".
[Thu Feb  5 17:02:52 2015] [debug] Rendering cached template "root/index.html.ep".
[Thu Feb  5 17:02:52 2015] [debug] Rendering cached template "layouts/default.html.ep".
[Thu Feb  5 17:02:52 2015] [debug] 200 OK (0.005858s, 170.707/s).
[Thu Feb  5 17:02:52 2015] [debug] GET "/apple-touch-icon-precomposed.png".
[Thu Feb  5 17:02:52 2015] [debug] Template "not_found.development.html.ep" not found.
[Thu Feb  5 17:02:52 2015] [debug] Template "not_found.html.ep" not found.
[Thu Feb  5 17:02:52 2015] [debug] Rendering cached inline template "8122878e3bc1034543706fb58b4de464".
[Thu Feb  5 17:02:52 2015] [debug] Rendering cached inline template "4fcf2af99f1803a7a26c2e9b04430f8c".
[Thu Feb  5 17:02:52 2015] [debug] 404 Not Found (0.009328s, 107.204/s).
[Thu Feb  5 17:02:52 2015] [debug] GET "/apple-touch-icon.png".
[Thu Feb  5 17:02:52 2015] [debug] Template "not_found.development.html.ep" not found.
[Thu Feb  5 17:02:52 2015] [debug] Template "not_found.html.ep" not found.
[Thu Feb  5 17:02:52 2015] [debug] Rendering cached inline template "8122878e3bc1034543706fb58b4de464".
[Thu Feb  5 17:02:52 2015] [debug] Rendering cached inline template "4fcf2af99f1803a7a26c2e9b04430f8c".
[Thu Feb  5 17:02:52 2015] [debug] 404 Not Found (0.010568s, 94.625/s).
[Thu Feb  5 17:05:47 2015] [info] Listening at "http://*:3000".
[Thu Feb  5 17:05:49 2015] [debug] Your secret passphrase needs to be changed!!!
[Thu Feb  5 17:05:49 2015] [debug] GET "/menu".
[Thu Feb  5 17:05:52 2015] [debug] Routing to controller "Hattyu::Web::Controller::Root" and action "menu".
[Thu Feb  5 17:05:52 2015] [debug] Rendering template "root/menu.html.ep".
[Thu Feb  5 17:05:52 2015] [debug] Rendering template "layouts/default.html.ep".
[Thu Feb  5 17:05:52 2015] [debug] 200 OK (2.499490s, 0.400/s).
[Thu Feb  5 17:05:52 2015] [debug] GET "/".
[Thu Feb  5 17:05:52 2015] [debug] Routing to controller "Hattyu::Web::Controller::Root" and action "index".
[Thu Feb  5 17:05:52 2015] [debug] Rendering template "root/index.html.ep".
[Thu Feb  5 17:05:52 2015] [debug] Rendering template "layouts/default.html.ep".
[Thu Feb  5 17:05:52 2015] [debug] 200 OK (0.010826s, 92.370/s).
[Thu Feb  5 17:05:52 2015] [debug] GET "/menu".
[Thu Feb  5 17:05:52 2015] [debug] Routing to controller "Hattyu::Web::Controller::Root" and action "menu".
[Thu Feb  5 17:05:52 2015] [debug] Rendering cached template "root/menu.html.ep".
[Thu Feb  5 17:05:52 2015] [debug] Rendering cached template "layouts/default.html.ep".
[Thu Feb  5 17:05:52 2015] [debug] 200 OK (0.003701s, 270.197/s).
[Thu Feb  5 17:05:52 2015] [debug] GET "/apple-touch-icon-precomposed.png".
[Thu Feb  5 17:05:52 2015] [debug] Template "not_found.development.html.ep" not found.
[Thu Feb  5 17:05:52 2015] [debug] Template "not_found.html.ep" not found.
[Thu Feb  5 17:05:52 2015] [debug] Rendering inline template "8122878e3bc1034543706fb58b4de464".
[Thu Feb  5 17:05:52 2015] [debug] Rendering inline template "4fcf2af99f1803a7a26c2e9b04430f8c".
[Thu Feb  5 17:05:52 2015] [debug] 404 Not Found (0.054304s, 18.415/s).
[Thu Feb  5 17:05:52 2015] [debug] GET "/apple-touch-icon-precomposed.png".
[Thu Feb  5 17:05:52 2015] [debug] Template "not_found.development.html.ep" not found.
[Thu Feb  5 17:05:52 2015] [debug] Template "not_found.html.ep" not found.
[Thu Feb  5 17:05:52 2015] [debug] Rendering cached inline template "8122878e3bc1034543706fb58b4de464".
[Thu Feb  5 17:05:52 2015] [debug] Rendering cached inline template "4fcf2af99f1803a7a26c2e9b04430f8c".
[Thu Feb  5 17:05:52 2015] [debug] 404 Not Found (0.009343s, 107.032/s).
[Thu Feb  5 17:05:52 2015] [debug] GET "/apple-touch-icon.png".
[Thu Feb  5 17:05:52 2015] [debug] Template "not_found.development.html.ep" not found.
[Thu Feb  5 17:05:52 2015] [debug] Template "not_found.html.ep" not found.
[Thu Feb  5 17:05:52 2015] [debug] Rendering cached inline template "8122878e3bc1034543706fb58b4de464".
[Thu Feb  5 17:05:52 2015] [debug] Rendering cached inline template "4fcf2af99f1803a7a26c2e9b04430f8c".
[Thu Feb  5 17:05:52 2015] [debug] 404 Not Found (0.009228s, 108.366/s).
[Thu Feb  5 17:05:52 2015] [debug] GET "/apple-touch-icon.png".
[Thu Feb  5 17:05:52 2015] [debug] Template "not_found.development.html.ep" not found.
[Thu Feb  5 17:05:52 2015] [debug] Template "not_found.html.ep" not found.
[Thu Feb  5 17:05:52 2015] [debug] Rendering cached inline template "8122878e3bc1034543706fb58b4de464".
[Thu Feb  5 17:05:52 2015] [debug] Rendering cached inline template "4fcf2af99f1803a7a26c2e9b04430f8c".
[Thu Feb  5 17:05:52 2015] [debug] 404 Not Found (0.011821s, 84.595/s).
[Thu Feb  5 17:05:56 2015] [debug] GET "/".
[Thu Feb  5 17:05:56 2015] [debug] Routing to controller "Hattyu::Web::Controller::Root" and action "index".
[Thu Feb  5 17:05:56 2015] [debug] Rendering cached template "root/index.html.ep".
[Thu Feb  5 17:05:56 2015] [debug] Rendering cached template "layouts/default.html.ep".
[Thu Feb  5 17:05:56 2015] [debug] 200 OK (0.002729s, 366.435/s).
[Thu Feb  5 17:05:58 2015] [debug] GET "/menu".
[Thu Feb  5 17:05:58 2015] [debug] Routing to controller "Hattyu::Web::Controller::Root" and action "menu".
[Thu Feb  5 17:05:58 2015] [debug] Rendering cached template "root/menu.html.ep".
[Thu Feb  5 17:05:58 2015] [debug] Rendering cached template "layouts/default.html.ep".
[Thu Feb  5 17:05:58 2015] [debug] 200 OK (0.003567s, 280.348/s).
[Thu Feb  5 17:06:00 2015] [debug] GET "/menu".
[Thu Feb  5 17:06:00 2015] [debug] Routing to controller "Hattyu::Web::Controller::Root" and action "menu".
[Thu Feb  5 17:06:00 2015] [debug] Rendering cached template "root/menu.html.ep".
[Thu Feb  5 17:06:00 2015] [debug] Rendering cached template "layouts/default.html.ep".
[Thu Feb  5 17:06:00 2015] [debug] 200 OK (0.003824s, 261.506/s).
[Thu Feb  5 17:14:01 2015] [info] Listening at "http://*:3000".
[Thu Feb  5 17:14:05 2015] [debug] Your secret passphrase needs to be changed!!!
[Thu Feb  5 17:14:05 2015] [debug] GET "/menu".
[Thu Feb  5 17:14:05 2015] [debug] Routing to controller "Hattyu::Web::Controller::Root" and action "menu".
[Thu Feb  5 17:14:05 2015] [debug] Rendering template "root/menu.html.ep".
[Thu Feb  5 17:14:06 2015] [debug] Rendering template "layouts/default.html.ep".
[Thu Feb  5 17:14:06 2015] [debug] 200 OK (0.958345s, 1.043/s).
[Thu Feb  5 17:14:06 2015] [debug] GET "/menu".
[Thu Feb  5 17:14:06 2015] [debug] Routing to controller "Hattyu::Web::Controller::Root" and action "menu".
[Thu Feb  5 17:14:06 2015] [debug] Rendering cached template "root/menu.html.ep".
[Thu Feb  5 17:14:06 2015] [debug] Rendering cached template "layouts/default.html.ep".
[Thu Feb  5 17:14:06 2015] [debug] 200 OK (0.002610s, 383.142/s).
[Thu Feb  5 17:18:41 2015] [info] Listening at "http://*:3000".
[Thu Feb  5 17:18:45 2015] [debug] Your secret passphrase needs to be changed!!!
[Thu Feb  5 17:18:45 2015] [debug] GET "/menu".
[Thu Feb  5 17:18:45 2015] [debug] Routing to controller "Hattyu::Web::Controller::Root" and action "menu".
[Thu Feb  5 17:18:45 2015] [debug] Rendering template "root/menu.html.ep".
[Thu Feb  5 17:18:45 2015] [debug] Rendering template "layouts/default.html.ep".
[Thu Feb  5 17:18:45 2015] [debug] 200 OK (0.246526s, 4.056/s).
[Thu Feb  5 17:18:45 2015] [debug] GET "/menu".
[Thu Feb  5 17:18:45 2015] [debug] Routing to controller "Hattyu::Web::Controller::Root" and action "menu".
[Thu Feb  5 17:18:45 2015] [debug] Rendering cached template "root/menu.html.ep".
[Thu Feb  5 17:18:45 2015] [debug] Rendering cached template "layouts/default.html.ep".
[Thu Feb  5 17:18:45 2015] [debug] 200 OK (0.002836s, 352.609/s).
[Thu Feb  5 17:18:52 2015] [debug] GET "/".
[Thu Feb  5 17:18:52 2015] [debug] Routing to controller "Hattyu::Web::Controller::Root" and action "index".
[Thu Feb  5 17:18:52 2015] [debug] Rendering template "root/index.html.ep".
[Thu Feb  5 17:18:52 2015] [debug] Rendering template "layouts/default.html.ep".
[Thu Feb  5 17:18:52 2015] [debug] 200 OK (0.011565s, 86.468/s).
[Thu Feb  5 17:19:03 2015] [debug] GET "/".
[Thu Feb  5 17:19:03 2015] [debug] Routing to controller "Hattyu::Web::Controller::Root" and action "index".
[Thu Feb  5 17:19:03 2015] [debug] Rendering cached template "root/index.html.ep".
[Thu Feb  5 17:19:03 2015] [debug] Rendering cached template "layouts/default.html.ep".
[Thu Feb  5 17:19:03 2015] [debug] 200 OK (0.003266s, 306.185/s).
[Thu Feb  5 17:19:12 2015] [debug] GET "/".
[Thu Feb  5 17:19:12 2015] [debug] Routing to controller "Hattyu::Web::Controller::Root" and action "index".
[Thu Feb  5 17:19:12 2015] [debug] Rendering cached template "root/index.html.ep".
[Thu Feb  5 17:19:12 2015] [debug] Rendering cached template "layouts/default.html.ep".
[Thu Feb  5 17:19:12 2015] [debug] 200 OK (0.003251s, 307.598/s).
[Thu Feb  5 17:19:17 2015] [debug] GET "/".
[Thu Feb  5 17:19:17 2015] [debug] Routing to controller "Hattyu::Web::Controller::Root" and action "index".
[Thu Feb  5 17:19:17 2015] [debug] Rendering cached template "root/index.html.ep".
[Thu Feb  5 17:19:17 2015] [debug] Rendering cached template "layouts/default.html.ep".
[Thu Feb  5 17:19:17 2015] [debug] 200 OK (0.003492s, 286.369/s).
[Thu Feb  5 17:19:20 2015] [debug] GET "/".
[Thu Feb  5 17:19:20 2015] [debug] Routing to controller "Hattyu::Web::Controller::Root" and action "index".
[Thu Feb  5 17:19:20 2015] [debug] Rendering cached template "root/index.html.ep".
[Thu Feb  5 17:19:20 2015] [debug] Rendering cached template "layouts/default.html.ep".
[Thu Feb  5 17:19:20 2015] [debug] 200 OK (0.003499s, 285.796/s).
[Fri Feb  6 10:17:47 2015] [info] Listening at "http://*:3000".
[Fri Feb  6 10:18:03 2015] [debug] Your secret passphrase needs to be changed!!!
[Fri Feb  6 10:18:03 2015] [debug] GET "/menu".
[Fri Feb  6 10:18:06 2015] [debug] Routing to controller "Hattyu::Web::Controller::Root" and action "menu".
[Fri Feb  6 10:18:08 2015] [debug] Rendering template "root/menu.html.ep".
[Fri Feb  6 10:18:08 2015] [debug] Rendering template "layouts/default.html.ep".
[Fri Feb  6 10:18:08 2015] [debug] 200 OK (4.447630s, 0.225/s).
[Fri Feb  6 10:18:08 2015] [debug] GET "/".
[Fri Feb  6 10:18:08 2015] [debug] Routing to controller "Hattyu::Web::Controller::Root" and action "index".
[Fri Feb  6 10:18:08 2015] [debug] Rendering template "root/index.html.ep".
[Fri Feb  6 10:18:08 2015] [debug] Rendering template "layouts/default.html.ep".
[Fri Feb  6 10:18:08 2015] [debug] 200 OK (0.248586s, 4.023/s).
[Fri Feb  6 10:18:44 2015] [debug] POST "/filter".
[Fri Feb  6 10:18:44 2015] [debug] Template "not_found.development.html.ep" not found.
[Fri Feb  6 10:18:44 2015] [debug] Template "not_found.html.ep" not found.
[Fri Feb  6 10:18:44 2015] [debug] Rendering inline template "8122878e3bc1034543706fb58b4de464".
[Fri Feb  6 10:18:44 2015] [debug] Rendering inline template "4fcf2af99f1803a7a26c2e9b04430f8c".
[Fri Feb  6 10:18:44 2015] [debug] 404 Not Found (0.045031s, 22.207/s).
[Fri Feb  6 10:18:51 2015] [debug] POST "/filter".
[Fri Feb  6 10:18:51 2015] [debug] Template "not_found.development.html.ep" not found.
[Fri Feb  6 10:18:51 2015] [debug] Template "not_found.html.ep" not found.
[Fri Feb  6 10:18:51 2015] [debug] Rendering cached inline template "8122878e3bc1034543706fb58b4de464".
[Fri Feb  6 10:18:51 2015] [debug] Rendering cached inline template "4fcf2af99f1803a7a26c2e9b04430f8c".
[Fri Feb  6 10:18:51 2015] [debug] 404 Not Found (0.010230s, 97.752/s).
[Fri Feb  6 10:25:46 2015] [info] Listening at "http://*:3000".
[Fri Feb  6 10:25:48 2015] [debug] Your secret passphrase needs to be changed!!!
[Fri Feb  6 10:25:48 2015] [debug] GET "/".
[Fri Feb  6 10:25:49 2015] [debug] Routing to controller "Hattyu::Web::Controller::Root" and action "index".
[Fri Feb  6 10:25:49 2015] [debug] Rendering template "root/index.html.ep".
[Fri Feb  6 10:25:49 2015] [debug] Rendering template "layouts/default.html.ep".
[Fri Feb  6 10:25:49 2015] [debug] 200 OK (0.226151s, 4.422/s).
[Fri Feb  6 10:26:45 2015] [info] Listening at "http://*:3000".
[Fri Feb  6 10:26:48 2015] [debug] Your secret passphrase needs to be changed!!!
[Fri Feb  6 10:26:48 2015] [debug] GET "/".
[Fri Feb  6 10:26:48 2015] [debug] Routing to controller "Hattyu::Web::Controller::Root" and action "index".
[Fri Feb  6 10:26:48 2015] [debug] Rendering template "root/index.html.ep".
[Fri Feb  6 10:26:48 2015] [debug] Rendering template "layouts/default.html.ep".
[Fri Feb  6 10:26:48 2015] [debug] 200 OK (0.226113s, 4.423/s).
[Fri Feb  6 10:31:39 2015] [info] Listening at "http://*:3000".
[Fri Feb  6 10:31:41 2015] [debug] Your secret passphrase needs to be changed!!!
[Fri Feb  6 10:31:41 2015] [debug] GET "/".
[Fri Feb  6 10:31:41 2015] [debug] Routing to controller "Hattyu::Web::Controller::Root" and action "index".
[Fri Feb  6 10:31:41 2015] [debug] Rendering template "root/index.html.ep".
[Fri Feb  6 10:31:41 2015] [debug] Rendering template "layouts/default.html.ep".
[Fri Feb  6 10:31:41 2015] [debug] 200 OK (0.218193s, 4.583/s).
[Fri Feb  6 10:31:52 2015] [debug] POST "/filter".
[Fri Feb  6 10:31:52 2015] [debug] Template "not_found.development.html.ep" not found.
[Fri Feb  6 10:31:52 2015] [debug] Template "not_found.html.ep" not found.
[Fri Feb  6 10:31:52 2015] [debug] Rendering inline template "8122878e3bc1034543706fb58b4de464".
[Fri Feb  6 10:31:52 2015] [debug] Rendering inline template "4fcf2af99f1803a7a26c2e9b04430f8c".
[Fri Feb  6 10:31:52 2015] [debug] 404 Not Found (0.043593s, 22.939/s).
[Fri Feb  6 10:41:06 2015] [info] Listening at "http://*:3000".
[Fri Feb  6 10:41:09 2015] [debug] Your secret passphrase needs to be changed!!!
[Fri Feb  6 10:41:09 2015] [debug] GET "/".
[Fri Feb  6 10:41:09 2015] [debug] Routing to controller "Hattyu::Web::Controller::Root" and action "index".
[Fri Feb  6 10:41:09 2015] [debug] Rendering template "root/index.html.ep".
[Fri Feb  6 10:41:09 2015] [debug] Rendering template "layouts/default.html.ep".
[Fri Feb  6 10:41:09 2015] [debug] 200 OK (0.348063s, 2.873/s).
[Fri Feb  6 10:49:07 2015] [info] Listening at "http://*:3000".
[Fri Feb  6 10:49:11 2015] [debug] Your secret passphrase needs to be changed!!!
[Fri Feb  6 10:49:11 2015] [debug] GET "/".
[Fri Feb  6 10:49:11 2015] [debug] Routing to controller "Hattyu::Web::Controller::Root" and action "index".
[Fri Feb  6 10:49:11 2015] [debug] Rendering template "root/index.html.ep".
[Fri Feb  6 10:49:11 2015] [debug] Rendering template "layouts/default.html.ep".
[Fri Feb  6 10:49:11 2015] [debug] 200 OK (0.278796s, 3.587/s).
[Fri Feb  6 10:50:57 2015] [debug] Your secret passphrase needs to be changed!!!
[Fri Feb  6 10:50:57 2015] [debug] GET "/".
[Fri Feb  6 10:50:57 2015] [debug] Routing to controller "Hattyu::Web::Controller::Root" and action "index".
[Fri Feb  6 10:50:57 2015] [debug] Rendering template "root/index.html.ep".
[Fri Feb  6 10:50:57 2015] [debug] Rendering template "layouts/default.html.ep".
[Fri Feb  6 10:50:57 2015] [debug] 200 OK (0.282876s, 3.535/s).
[Fri Feb  6 10:52:10 2015] [debug] Your secret passphrase needs to be changed!!!
[Fri Feb  6 10:52:10 2015] [debug] GET "/".
[Fri Feb  6 10:52:10 2015] [debug] Routing to controller "Hattyu::Web::Controller::Root" and action "index".
[Fri Feb  6 10:52:10 2015] [debug] Rendering template "root/index.html.ep".
[Fri Feb  6 10:52:10 2015] [debug] Rendering template "layouts/default.html.ep".
[Fri Feb  6 10:52:10 2015] [debug] 200 OK (0.334216s, 2.992/s).
[Fri Feb  6 10:52:53 2015] [debug] Your secret passphrase needs to be changed!!!
[Fri Feb  6 10:52:53 2015] [debug] GET "/".
[Fri Feb  6 10:52:53 2015] [debug] Routing to controller "Hattyu::Web::Controller::Root" and action "index".
[Fri Feb  6 10:52:53 2015] [debug] Rendering template "root/index.html.ep".
[Fri Feb  6 10:52:53 2015] [debug] Rendering template "layouts/default.html.ep".
[Fri Feb  6 10:52:53 2015] [debug] 200 OK (0.260842s, 3.834/s).
[Fri Feb  6 10:54:15 2015] [debug] Your secret passphrase needs to be changed!!!
[Fri Feb  6 10:54:15 2015] [debug] GET "/".
[Fri Feb  6 10:54:15 2015] [debug] Routing to controller "Hattyu::Web::Controller::Root" and action "index".
[Fri Feb  6 10:54:15 2015] [debug] Rendering template "root/index.html.ep".
[Fri Feb  6 10:54:15 2015] [debug] Rendering template "layouts/default.html.ep".
[Fri Feb  6 10:54:15 2015] [debug] 200 OK (0.302446s, 3.306/s).
[Fri Feb  6 10:54:49 2015] [debug] Your secret passphrase needs to be changed!!!
[Fri Feb  6 10:54:49 2015] [debug] GET "/".
[Fri Feb  6 10:54:49 2015] [debug] Routing to controller "Hattyu::Web::Controller::Root" and action "index".
[Fri Feb  6 10:54:49 2015] [debug] Rendering template "root/index.html.ep".
[Fri Feb  6 10:54:49 2015] [debug] Rendering template "layouts/default.html.ep".
[Fri Feb  6 10:54:49 2015] [debug] 200 OK (0.223612s, 4.472/s).
[Fri Feb  6 10:58:13 2015] [debug] POST "/filter".
[Fri Feb  6 10:58:13 2015] [debug] Template "not_found.development.html.ep" not found.
[Fri Feb  6 10:58:13 2015] [debug] Template "not_found.html.ep" not found.
[Fri Feb  6 10:58:13 2015] [debug] Rendering inline template "8122878e3bc1034543706fb58b4de464".
[Fri Feb  6 10:58:13 2015] [debug] Rendering inline template "4fcf2af99f1803a7a26c2e9b04430f8c".
[Fri Feb  6 10:58:13 2015] [debug] 404 Not Found (0.046527s, 21.493/s).
[Fri Feb  6 11:00:13 2015] [debug] Your secret passphrase needs to be changed!!!
[Fri Feb  6 11:00:13 2015] [debug] GET "/".
[Fri Feb  6 11:00:13 2015] [debug] Routing to controller "Hattyu::Web::Controller::Root" and action "index".
[Fri Feb  6 11:00:13 2015] [debug] Rendering template "root/index.html.ep".
[Fri Feb  6 11:00:13 2015] [debug] Rendering template "layouts/default.html.ep".
[Fri Feb  6 11:00:13 2015] [debug] 200 OK (0.318529s, 3.139/s).
[Fri Feb  6 11:00:35 2015] [debug] Your secret passphrase needs to be changed!!!
[Fri Feb  6 11:00:35 2015] [debug] GET "/".
[Fri Feb  6 11:00:35 2015] [debug] Routing to controller "Hattyu::Web::Controller::Root" and action "index".
[Fri Feb  6 11:00:35 2015] [debug] Rendering template "root/index.html.ep".
[Fri Feb  6 11:00:35 2015] [debug] Rendering template "layouts/default.html.ep".
[Fri Feb  6 11:00:35 2015] [debug] 200 OK (0.273717s, 3.653/s).
[Fri Feb  6 11:01:12 2015] [debug] Your secret passphrase needs to be changed!!!
[Fri Feb  6 11:01:12 2015] [debug] GET "/".
[Fri Feb  6 11:01:12 2015] [debug] Routing to controller "Hattyu::Web::Controller::Root" and action "index".
[Fri Feb  6 11:01:12 2015] [debug] Rendering template "root/index.html.ep".
[Fri Feb  6 11:01:12 2015] [debug] Rendering template "layouts/default.html.ep".
[Fri Feb  6 11:01:13 2015] [debug] 200 OK (0.252435s, 3.961/s).
[Fri Feb  6 11:01:19 2015] [debug] GET "/".
[Fri Feb  6 11:01:19 2015] [debug] Routing to controller "Hattyu::Web::Controller::Root" and action "index".
[Fri Feb  6 11:01:19 2015] [debug] Rendering cached template "root/index.html.ep".
[Fri Feb  6 11:01:19 2015] [debug] Rendering cached template "layouts/default.html.ep".
[Fri Feb  6 11:01:19 2015] [debug] 200 OK (0.003910s, 255.754/s).
[Fri Feb  6 11:01:23 2015] [debug] GET "/".
[Fri Feb  6 11:01:23 2015] [debug] Routing to controller "Hattyu::Web::Controller::Root" and action "index".
[Fri Feb  6 11:01:23 2015] [debug] Rendering cached template "root/index.html.ep".
[Fri Feb  6 11:01:23 2015] [debug] Rendering cached template "layouts/default.html.ep".
[Fri Feb  6 11:01:23 2015] [debug] 200 OK (0.003442s, 290.529/s).
[Fri Feb  6 11:02:17 2015] [debug] Your secret passphrase needs to be changed!!!
[Fri Feb  6 11:02:17 2015] [debug] GET "/".
[Fri Feb  6 11:02:17 2015] [debug] Routing to controller "Hattyu::Web::Controller::Root" and action "index".
[Fri Feb  6 11:02:17 2015] [debug] Rendering template "root/index.html.ep".
[Fri Feb  6 11:02:17 2015] [debug] Rendering template "layouts/default.html.ep".
[Fri Feb  6 11:02:17 2015] [debug] 200 OK (0.281157s, 3.557/s).
[Fri Feb  6 11:03:32 2015] [debug] Your secret passphrase needs to be changed!!!
[Fri Feb  6 11:03:32 2015] [debug] GET "/".
[Fri Feb  6 11:03:32 2015] [debug] Routing to controller "Hattyu::Web::Controller::Root" and action "index".
[Fri Feb  6 11:03:32 2015] [debug] Rendering template "root/index.html.ep".
[Fri Feb  6 11:03:32 2015] [debug] Rendering template "layouts/default.html.ep".
[Fri Feb  6 11:03:32 2015] [debug] 200 OK (0.306780s, 3.260/s).
